#
# There is insufficient memory for the Java Runtime Environment to continue.
# Native memory allocation (malloc) failed to allocate 1129936 bytes for Chunk::new
# Possible reasons:
#   The system is out of physical RAM or swap space
#   In 32 bit mode, the process size limit was hit
# Possible solutions:
#   Reduce memory load on the system
#   Increase physical memory or swap space
#   Check if swap backing store is full
#   Use 64 bit Java on a 64 bit OS
#   Decrease Java heap size (-Xmx/-Xms)
#   Decrease number of Java threads
#   Decrease Java thread stack sizes (-Xss)
#   Set larger code cache with -XX:ReservedCodeCacheSize=
# This output file may be truncated or incomplete.
#
#  Out of Memory Error (allocation.cpp:390), pid=20532, tid=0x0000000000002e90
#
# JRE version: OpenJDK Runtime Environment (8.0_152-b02) (build 1.8.0_152-release-1024-b02)
# Java VM: OpenJDK 64-Bit Server VM (25.152-b02 mixed mode windows-amd64 compressed oops)
# Failed to write core dump. Minidumps are not enabled by default on client versions of Windows
#

---------------  T H R E A D  ---------------

Current thread (0x0000000019194800):  JavaThread "C2 CompilerThread2" daemon [_thread_in_native, id=11920, stack(0x00000000199f0000,0x0000000019af0000)]

Stack: [0x00000000199f0000,0x0000000019af0000]
[error occurred during error reporting (printing stack bounds), id 0xc0000005]

Native frames: (J=compiled Java code, j=interpreted, Vv=VM code, C=native code)


Current CompileTask:
C2:   9797 3666       4       org.jetbrains.kotlin.com.intellij.lang.java.parser.ExpressionParser::parseBinary (164 bytes)


---------------  P R O C E S S  ---------------

Java Threads: ( => current thread )
  0x000000001a161000 JavaThread "RMI RenewClean-[localhost:63451,org.jetbrains.kotlin.daemon.common.LoopbackNetworkInterface$ClientLoopbackSocketFactory@79f0eb1]" daemon [_thread_blocked, id=18816, stack(0x000000001b0d0000,0x000000001b1d0000)]
  0x0000000019e7d800 JavaThread "RMI Scheduler(0)" daemon [_thread_blocked, id=19928, stack(0x000000001afd0000,0x000000001b0d0000)]
  0x0000000019e7c800 JavaThread "RMI TCP Connection(2)-127.0.0.1" daemon [_thread_in_native, id=5228, stack(0x000000001aed0000,0x000000001afd0000)]
  0x000000001a165000 JavaThread "RMI TCP Connection(1)-127.0.0.1" daemon [_thread_in_native, id=21160, stack(0x000000001add0000,0x000000001aed0000)]
  0x0000000003363800 JavaThread "DestroyJavaVM" [_thread_blocked, id=9084, stack(0x0000000003260000,0x0000000003360000)]
  0x000000001a138000 JavaThread "GC Daemon" daemon [_thread_blocked, id=20344, stack(0x000000001a9f0000,0x000000001aaf0000)]
  0x000000001a12d800 JavaThread "RMI Reaper" [_thread_blocked, id=21152, stack(0x000000001a8f0000,0x000000001a9f0000)]
  0x0000000019fc7000 JavaThread "Timer-0" daemon [_thread_blocked, id=22880, stack(0x000000001a6f0000,0x000000001a7f0000)]
  0x0000000019fba800 JavaThread "RMI TCP Accept-17422" daemon [_thread_in_native, id=24312, stack(0x000000001a5f0000,0x000000001a6f0000)]
  0x000000001922b000 JavaThread "Service Thread" daemon [_thread_blocked, id=15372, stack(0x0000000019bf0000,0x0000000019cf0000)]
  0x0000000019198800 JavaThread "C1 CompilerThread3" daemon [_thread_blocked, id=9132, stack(0x0000000019af0000,0x0000000019bf0000)]
=>0x0000000019194800 JavaThread "C2 CompilerThread2" daemon [_thread_in_native, id=11920, stack(0x00000000199f0000,0x0000000019af0000)]
  0x0000000019184000 JavaThread "C2 CompilerThread1" daemon [_thread_in_native, id=16316, stack(0x00000000198f0000,0x00000000199f0000)]
  0x0000000019181000 JavaThread "C2 CompilerThread0" daemon [_thread_in_native, id=16128, stack(0x00000000197f0000,0x00000000198f0000)]
  0x000000001917f800 JavaThread "Attach Listener" daemon [_thread_blocked, id=8956, stack(0x00000000196f0000,0x00000000197f0000)]
  0x000000001912a800 JavaThread "Signal Dispatcher" daemon [_thread_blocked, id=13072, stack(0x00000000195f0000,0x00000000196f0000)]
  0x0000000019110800 JavaThread "Finalizer" daemon [_thread_blocked, id=12308, stack(0x00000000194f0000,0x00000000195f0000)]
  0x000000001721b800 JavaThread "Reference Handler" daemon [_thread_blocked, id=20512, stack(0x0000000018ff0000,0x00000000190f0000)]

Other Threads:
  0x0000000017215800 VMThread [stack: 0x0000000018ef0000,0x0000000018ff0000] [id=16332]
  0x000000001922c000 WatcherThread [stack: 0x0000000019cf0000,0x0000000019df0000] [id=10784]

VM state:not at safepoint (normal execution)

VM Mutex/Monitor currently owned by a thread:  ([mutex/lock_event])
[0x0000000003360850] SymbolTable_lock - owner thread: 0x0000000000000000

Heap:
 PSYoungGen      total 66048K, used 46933K [0x00000000e0000000, 0x00000000e5900000, 0x0000000100000000)
  eden space 51200K, 63% used [0x00000000e0000000,0x00000000e1f90c90,0x00000000e3200000)
  from space 14848K, 98% used [0x00000000e3200000,0x00000000e4044800,0x00000000e4080000)
  to   space 5120K, 0% used [0x00000000e4080000,0x00000000e4080000,0x00000000e4580000)
 ParOldGen       total 93184K, used 16983K [0x00000000a0000000, 0x00000000a5b00000, 0x00000000e0000000)
  object space 93184K, 18% used [0x00000000a0000000,0x00000000a1095d50,0x00000000a5b00000)
 Metaspace       used 41218K, capacity 41881K, committed 42280K, reserved 1085440K
  class space    used 5214K, capacity 5410K, committed 5416K, reserved 1048576K

Card table byte_map: [0x0000000012820000,0x0000000012b30000] byte_map_base: 0x0000000012320000

Marking Bits: (ParMarkBitMap*) 0x0000000073ea4970
 Begin Bits: [0x0000000013530000, 0x0000000014d30000)
 End Bits:   [0x0000000014d30000, 0x0000000016530000)

Polling page: 0x00000000015a0000

CodeCache: size=245760Kb used=11449Kb max_used=11449Kb free=234310Kb
 bounds [0x0000000003460000, 0x0000000003fa0000, 0x0000000012460000]
 total_blobs=4228 nmethods=3748 adapters=393
 compilation: enabled

Compilation events (10 events):
Event: 9.792 Thread 0x0000000019198800 3815       2       java.util.HashMap::keySet (25 bytes)
Event: 9.792 Thread 0x0000000019198800 nmethod 3815 0x0000000003f976d0 code [0x0000000003f97820, 0x0000000003f979f0]
Event: 9.792 Thread 0x0000000019198800 3816       2       java.util.HashMap$KeySet::iterator (12 bytes)
Event: 9.792 Thread 0x0000000019198800 nmethod 3816 0x0000000003f97a90 code [0x0000000003f97c00, 0x0000000003f97de8]
Event: 9.792 Thread 0x0000000019198800 3818       2       java.util.HashMap$KeyIterator::<init> (11 bytes)
Event: 9.792 Thread 0x0000000019198800 nmethod 3818 0x0000000003f97e90 code [0x0000000003f98000, 0x0000000003f98188]
Event: 9.792 Thread 0x0000000019198800 3817       2       org.jetbrains.kotlin.com.intellij.util.keyFMap.ArrayBackedFMap::get (33 bytes)
Event: 9.792 Thread 0x0000000019198800 nmethod 3817 0x0000000003f98210 code [0x0000000003f98380, 0x0000000003f98598]
Event: 9.792 Thread 0x0000000019198800 3819       2       java.util.HashMap$KeySet::<init> (10 bytes)
Event: 9.792 Thread 0x0000000019198800 nmethod 3819 0x0000000003f98710 code [0x0000000003f98860, 0x0000000003f989d0]

GC Heap History (10 events):
Event: 7.887 GC heap before
{Heap before GC invocations=6 (full 2):
 PSYoungGen      total 38400K, used 33280K [0x00000000e0000000, 0x00000000e2a80000, 0x0000000100000000)
  eden space 33280K, 100% used [0x00000000e0000000,0x00000000e2080000,0x00000000e2080000)
  from space 5120K, 0% used [0x00000000e2080000,0x00000000e2080000,0x00000000e2580000)
  to   space 5120K, 0% used [0x00000000e2580000,0x00000000e2580000,0x00000000e2a80000)
 ParOldGen       total 57856K, used 10446K [0x00000000a0000000, 0x00000000a3880000, 0x00000000e0000000)
  object space 57856K, 18% used [0x00000000a0000000,0x00000000a0a339c8,0x00000000a3880000)
 Metaspace       used 24908K, capacity 25408K, committed 25600K, reserved 1071104K
  class space    used 3167K, capacity 3314K, committed 3328K, reserved 1048576K
Event: 7.893 GC heap after
Heap after GC invocations=6 (full 2):
 PSYoungGen      total 38400K, used 5092K [0x00000000e0000000, 0x00000000e4480000, 0x0000000100000000)
  eden space 33280K, 0% used [0x00000000e0000000,0x00000000e0000000,0x00000000e2080000)
  from space 5120K, 99% used [0x00000000e2580000,0x00000000e2a791d0,0x00000000e2a80000)
  to   space 5120K, 0% used [0x00000000e2080000,0x00000000e2080000,0x00000000e2580000)
 ParOldGen       total 57856K, used 12595K [0x00000000a0000000, 0x00000000a3880000, 0x00000000e0000000)
  object space 57856K, 21% used [0x00000000a0000000,0x00000000a0c4ce98,0x00000000a3880000)
 Metaspace       used 24908K, capacity 25408K, committed 25600K, reserved 1071104K
  class space    used 3167K, capacity 3314K, committed 3328K, reserved 1048576K
}
Event: 8.319 GC heap before
{Heap before GC invocations=7 (full 2):
 PSYoungGen      total 38400K, used 38372K [0x00000000e0000000, 0x00000000e4480000, 0x0000000100000000)
  eden space 33280K, 100% used [0x00000000e0000000,0x00000000e2080000,0x00000000e2080000)
  from space 5120K, 99% used [0x00000000e2580000,0x00000000e2a791d0,0x00000000e2a80000)
  to   space 5120K, 0% used [0x00000000e2080000,0x00000000e2080000,0x00000000e2580000)
 ParOldGen       total 57856K, used 12595K [0x00000000a0000000, 0x00000000a3880000, 0x00000000e0000000)
  object space 57856K, 21% used [0x00000000a0000000,0x00000000a0c4ce98,0x00000000a3880000)
 Metaspace       used 30514K, capacity 31010K, committed 31488K, reserved 1077248K
  class space    used 3889K, capacity 4025K, committed 4096K, reserved 1048576K
Event: 8.328 GC heap after
Heap after GC invocations=7 (full 2):
 PSYoungGen      total 38400K, used 5100K [0x00000000e0000000, 0x00000000e4580000, 0x0000000100000000)
  eden space 33280K, 0% used [0x00000000e0000000,0x00000000e0000000,0x00000000e2080000)
  from space 5120K, 99% used [0x00000000e2080000,0x00000000e257b178,0x00000000e2580000)
  to   space 5120K, 0% used [0x00000000e4080000,0x00000000e4080000,0x00000000e4580000)
 ParOldGen       total 57856K, used 20365K [0x00000000a0000000, 0x00000000a3880000, 0x00000000e0000000)
  object space 57856K, 35% used [0x00000000a0000000,0x00000000a13e3420,0x00000000a3880000)
 Metaspace       used 30514K, capacity 31010K, committed 31488K, reserved 1077248K
  class space    used 3889K, capacity 4025K, committed 4096K, reserved 1048576K
}
Event: 8.759 GC heap before
{Heap before GC invocations=8 (full 2):
 PSYoungGen      total 38400K, used 28991K [0x00000000e0000000, 0x00000000e4580000, 0x0000000100000000)
  eden space 33280K, 71% used [0x00000000e0000000,0x00000000e1754b40,0x00000000e2080000)
  from space 5120K, 99% used [0x00000000e2080000,0x00000000e257b178,0x00000000e2580000)
  to   space 5120K, 0% used [0x00000000e4080000,0x00000000e4080000,0x00000000e4580000)
 ParOldGen       total 57856K, used 20365K [0x00000000a0000000, 0x00000000a3880000, 0x00000000e0000000)
  object space 57856K, 35% used [0x00000000a0000000,0x00000000a13e3420,0x00000000a3880000)
 Metaspace       used 34674K, capacity 35224K, committed 35496K, reserved 1081344K
  class space    used 4365K, capacity 4498K, committed 4520K, reserved 1048576K
Event: 8.768 GC heap after
Heap after GC invocations=8 (full 2):
 PSYoungGen      total 56320K, used 5100K [0x00000000e0000000, 0x00000000e5900000, 0x0000000100000000)
  eden space 51200K, 0% used [0x00000000e0000000,0x00000000e0000000,0x00000000e3200000)
  from space 5120K, 99% used [0x00000000e4080000,0x00000000e457b178,0x00000000e4580000)
  to   space 14848K, 0% used [0x00000000e3200000,0x00000000e3200000,0x00000000e4080000)
 ParOldGen       total 57856K, used 26041K [0x00000000a0000000, 0x00000000a3880000, 0x00000000e0000000)
  object space 57856K, 45% used [0x00000000a0000000,0x00000000a196e6b8,0x00000000a3880000)
 Metaspace       used 34674K, capacity 35224K, committed 35496K, reserved 1081344K
  class space    used 4365K, capacity 4498K, committed 4520K, reserved 1048576K
}
Event: 8.768 GC heap before
{Heap before GC invocations=9 (full 3):
 PSYoungGen      total 56320K, used 5100K [0x00000000e0000000, 0x00000000e5900000, 0x0000000100000000)
  eden space 51200K, 0% used [0x00000000e0000000,0x00000000e0000000,0x00000000e3200000)
  from space 5120K, 99% used [0x00000000e4080000,0x00000000e457b178,0x00000000e4580000)
  to   space 14848K, 0% used [0x00000000e3200000,0x00000000e3200000,0x00000000e4080000)
 ParOldGen       total 57856K, used 26041K [0x00000000a0000000, 0x00000000a3880000, 0x00000000e0000000)
  object space 57856K, 45% used [0x00000000a0000000,0x00000000a196e6b8,0x00000000a3880000)
 Metaspace       used 34674K, capacity 35224K, committed 35496K, reserved 1081344K
  class space    used 4365K, capacity 4498K, committed 4520K, reserved 1048576K
Event: 8.825 GC heap after
Heap after GC invocations=9 (full 3):
 PSYoungGen      total 56320K, used 0K [0x00000000e0000000, 0x00000000e5900000, 0x0000000100000000)
  eden space 51200K, 0% used [0x00000000e0000000,0x00000000e0000000,0x00000000e3200000)
  from space 5120K, 0% used [0x00000000e4080000,0x00000000e4080000,0x00000000e4580000)
  to   space 14848K, 0% used [0x00000000e3200000,0x00000000e3200000,0x00000000e4080000)
 ParOldGen       total 93184K, used 16975K [0x00000000a0000000, 0x00000000a5b00000, 0x00000000e0000000)
  object space 93184K, 18% used [0x00000000a0000000,0x00000000a1093d50,0x00000000a5b00000)
 Metaspace       used 34674K, capacity 35224K, committed 35496K, reserved 1081344K
  class space    used 4365K, capacity 4498K, committed 4520K, reserved 1048576K
}
Event: 9.332 GC heap before
{Heap before GC invocations=10 (full 3):
 PSYoungGen      total 56320K, used 51200K [0x00000000e0000000, 0x00000000e5900000, 0x0000000100000000)
  eden space 51200K, 100% used [0x00000000e0000000,0x00000000e3200000,0x00000000e3200000)
  from space 5120K, 0% used [0x00000000e4080000,0x00000000e4080000,0x00000000e4580000)
  to   space 14848K, 0% used [0x00000000e3200000,0x00000000e3200000,0x00000000e4080000)
 ParOldGen       total 93184K, used 16975K [0x00000000a0000000, 0x00000000a5b00000, 0x00000000e0000000)
  object space 93184K, 18% used [0x00000000a0000000,0x00000000a1093d50,0x00000000a5b00000)
 Metaspace       used 38207K, capacity 38822K, committed 39336K, reserved 1083392K
  class space    used 4786K, capacity 4963K, committed 5032K, reserved 1048576K
Event: 9.348 GC heap after
Heap after GC invocations=10 (full 3):
 PSYoungGen      total 66048K, used 14610K [0x00000000e0000000, 0x00000000e5900000, 0x0000000100000000)
  eden space 51200K, 0% used [0x00000000e0000000,0x00000000e0000000,0x00000000e3200000)
  from space 14848K, 98% used [0x00000000e3200000,0x00000000e4044800,0x00000000e4080000)
  to   space 5120K, 0% used [0x00000000e4080000,0x00000000e4080000,0x00000000e4580000)
 ParOldGen       total 93184K, used 16983K [0x00000000a0000000, 0x00000000a5b00000, 0x00000000e0000000)
  object space 93184K, 18% used [0x00000000a0000000,0x00000000a1095d50,0x00000000a5b00000)
 Metaspace       used 38207K, capacity 38822K, committed 39336K, reserved 1083392K
  class space    used 4786K, capacity 4963K, committed 5032K, reserved 1048576K
}

Deoptimization events (10 events):
Event: 9.684 Thread 0x0000000019e7c800 Uncommon trap: reason=class_check action=maybe_recompile pc=0x0000000003c792d0 method=org.jetbrains.kotlin.com.intellij.lang.ASTFactory.factory(Lorg/jetbrains/kotlin/com/intellij/psi/tree/IElementType;)Lorg/jetbrains/kotlin/com/intellij/lang/ASTFactory; @
Event: 9.684 Thread 0x0000000019e7c800 Uncommon trap: reason=class_check action=maybe_recompile pc=0x0000000003c792d0 method=org.jetbrains.kotlin.com.intellij.lang.ASTFactory.factory(Lorg/jetbrains/kotlin/com/intellij/psi/tree/IElementType;)Lorg/jetbrains/kotlin/com/intellij/lang/ASTFactory; @
Event: 9.685 Thread 0x0000000019e7c800 Uncommon trap: reason=class_check action=maybe_recompile pc=0x0000000003c792d0 method=org.jetbrains.kotlin.com.intellij.lang.ASTFactory.factory(Lorg/jetbrains/kotlin/com/intellij/psi/tree/IElementType;)Lorg/jetbrains/kotlin/com/intellij/lang/ASTFactory; @
Event: 9.685 Thread 0x0000000019e7c800 Uncommon trap: reason=class_check action=maybe_recompile pc=0x0000000003c792d0 method=org.jetbrains.kotlin.com.intellij.lang.ASTFactory.factory(Lorg/jetbrains/kotlin/com/intellij/psi/tree/IElementType;)Lorg/jetbrains/kotlin/com/intellij/lang/ASTFactory; @
Event: 9.685 Thread 0x0000000019e7c800 Uncommon trap: reason=class_check action=maybe_recompile pc=0x0000000003b427c4 method=org.jetbrains.kotlin.com.intellij.lang.ASTFactory.factory(Lorg/jetbrains/kotlin/com/intellij/psi/tree/IElementType;)Lorg/jetbrains/kotlin/com/intellij/lang/ASTFactory; @
Event: 9.727 Thread 0x0000000019e7c800 Uncommon trap: reason=class_check action=maybe_recompile pc=0x0000000003abff30 method=org.jetbrains.kotlin.com.intellij.psi.impl.source.tree.TreeElement.rawRemoveUpToWithoutNotifications(Lorg/jetbrains/kotlin/com/intellij/psi/impl/source/tree/TreeElement;
Event: 9.727 Thread 0x0000000019e7c800 Uncommon trap: reason=class_check action=maybe_recompile pc=0x0000000003a9d474 method=org.jetbrains.kotlin.com.intellij.psi.impl.source.tree.SharedImplUtil.findFileElement(Lorg/jetbrains/kotlin/com/intellij/lang/ASTNode;)Lorg/jetbrains/kotlin/com/intellij
Event: 9.727 Thread 0x0000000019e7c800 Uncommon trap: reason=class_check action=maybe_recompile pc=0x0000000003a9d474 method=org.jetbrains.kotlin.com.intellij.psi.impl.source.tree.SharedImplUtil.findFileElement(Lorg/jetbrains/kotlin/com/intellij/lang/ASTNode;)Lorg/jetbrains/kotlin/com/intellij
Event: 9.727 Thread 0x0000000019e7c800 Uncommon trap: reason=class_check action=maybe_recompile pc=0x0000000003a9d474 method=org.jetbrains.kotlin.com.intellij.psi.impl.source.tree.SharedImplUtil.findFileElement(Lorg/jetbrains/kotlin/com/intellij/lang/ASTNode;)Lorg/jetbrains/kotlin/com/intellij
Event: 9.727 Thread 0x0000000019e7c800 Uncommon trap: reason=class_check action=maybe_recompile pc=0x0000000003a9d474 method=org.jetbrains.kotlin.com.intellij.psi.impl.source.tree.SharedImplUtil.findFileElement(Lorg/jetbrains/kotlin/com/intellij/lang/ASTNode;)Lorg/jetbrains/kotlin/com/intellij

Classes redefined (0 events):
No events

Internal exceptions (10 events):
Event: 8.589 Thread 0x0000000019e7c800 Implicit null exception at 0x0000000003a8f092 to 0x0000000003a8f262
Event: 8.616 Thread 0x0000000019e7c800 Exception <a 'java/lang/NoSuchMethodError': java.lang.Object.lambda$static$0(I)[Lorg/jetbrains/kotlin/psi/KtExpression;> (0x00000000e0c56148) thrown at [D:\src\AOSP-openjdk-cygwin\jdk8u\hotspot\src\share\vm\interpreter\linkResolver.cpp, line 584]
Event: 8.652 Thread 0x0000000019e7c800 Exception <a 'java/lang/NoSuchMethodError': java.lang.Object.lambda$static$0(I)[Lorg/jetbrains/kotlin/psi/KtDeclaration;> (0x00000000e0f17e10) thrown at [D:\src\AOSP-openjdk-cygwin\jdk8u\hotspot\src\share\vm\interpreter\linkResolver.cpp, line 584]
Event: 8.660 Thread 0x0000000019e7c800 Exception <a 'java/lang/NoSuchMethodError': java.lang.Object.lambda$static$0(I)[Lorg/jetbrains/kotlin/com/intellij/psi/PsiElement;> (0x00000000e0f9bbf8) thrown at [D:\src\AOSP-openjdk-cygwin\jdk8u\hotspot\src\share\vm\interpreter\linkResolver.cpp, line 58
Event: 8.670 Thread 0x0000000019e7c800 Exception <a 'java/lang/NoSuchMethodError': java.lang.Object.lambda$static$0(I)[Lorg/jetbrains/kotlin/psi/KtTypeElement;> (0x00000000e1061c48) thrown at [D:\src\AOSP-openjdk-cygwin\jdk8u\hotspot\src\share\vm\interpreter\linkResolver.cpp, line 584]
Event: 8.941 Thread 0x0000000019e7c800 Exception <a 'java/lang/NoSuchMethodError': java.lang.Object.lambda$static$0(I)[Lorg/jetbrains/kotlin/com/intellij/psi/PsiClass;> (0x00000000e098eab0) thrown at [D:\src\AOSP-openjdk-cygwin\jdk8u\hotspot\src\share\vm\interpreter\linkResolver.cpp, line 584]
Event: 9.688 Thread 0x0000000019e7c800 Exception <a 'java/lang/NoSuchMethodError': java.lang.Object.lambda$static$0(I)[Lorg/jetbrains/kotlin/com/intellij/psi/PsiTypeElement;> (0x00000000e179f6d0) thrown at [D:\src\AOSP-openjdk-cygwin\jdk8u\hotspot\src\share\vm\interpreter\linkResolver.cpp, lin
Event: 9.749 Thread 0x0000000019e7c800 Exception <a 'java/lang/NoSuchMethodError': java.lang.Object.lambda$static$0(I)[Lorg/jetbrains/kotlin/com/intellij/psi/PsiTypeParameter;> (0x00000000e1b74c40) thrown at [D:\src\AOSP-openjdk-cygwin\jdk8u\hotspot\src\share\vm\interpreter\linkResolver.cpp, l
Event: 9.779 Thread 0x0000000019e7c800 Exception <a 'java/lang/NoSuchMethodError': java.lang.Object.lambda$static$0(I)[Lorg/jetbrains/kotlin/com/intellij/psi/PsiMethod;> (0x00000000e1e655e8) thrown at [D:\src\AOSP-openjdk-cygwin\jdk8u\hotspot\src\share\vm\interpreter\linkResolver.cpp, line 584
Event: 9.780 Thread 0x0000000019e7c800 Exception <a 'java/lang/NoSuchMethodError': java.lang.Object.lambda$static$0(I)[Lorg/jetbrains/kotlin/com/intellij/psi/PsiField;> (0x00000000e1e70168) thrown at [D:\src\AOSP-openjdk-cygwin\jdk8u\hotspot\src\share\vm\interpreter\linkResolver.cpp, line 584]

Events (10 events):
Event: 9.793 loading class org/jetbrains/kotlin/com/intellij/psi/impl/PsiClassImplUtil$ClassIconRequest
Event: 9.793 loading class org/jetbrains/kotlin/com/intellij/psi/impl/PsiClassImplUtil$ClassIconRequest done
Event: 9.793 loading class org/jetbrains/kotlin/com/intellij/psi/impl/PsiClassImplUtil$ClassIconRequest
Event: 9.793 loading class org/jetbrains/kotlin/com/intellij/psi/impl/PsiClassImplUtil$ClassIconRequest done
Event: 9.793 loading class org/jetbrains/kotlin/com/intellij/psi/impl/PsiClassImplUtil$ClassIconRequest
Event: 9.793 loading class org/jetbrains/kotlin/com/intellij/psi/impl/PsiClassImplUtil$ClassIconRequest done
Event: 9.793 loading class org/jetbrains/kotlin/com/intellij/util/NullableFunction
Event: 9.793 loading class org/jetbrains/kotlin/com/intellij/util/NullableFunction done
Event: 9.793 loading class org/jetbrains/kotlin/com/intellij/psi/PsiAnonymousClass
Event: 9.793 loading class org/jetbrains/kotlin/com/intellij/psi/PsiAnonymousClass done


Dynamic libraries:
0x00007ff759840000 - 0x00007ff759871000 	D:\Program Files\Android\Android Studio\jre\jre\bin\java.exe
0x00007fff8b820000 - 0x00007fff8ba01000 	C:\WINDOWS\SYSTEM32\ntdll.dll
0x00007fff8ac10000 - 0x00007fff8acc2000 	C:\WINDOWS\System32\KERNEL32.DLL
0x00007fff87fe0000 - 0x00007fff88253000 	C:\WINDOWS\System32\KERNELBASE.dll
0x00007fff8b4b0000 - 0x00007fff8b551000 	C:\WINDOWS\System32\ADVAPI32.dll
0x00007fff8ae50000 - 0x00007fff8aeee000 	C:\WINDOWS\System32\msvcrt.dll
0x00007fff8af20000 - 0x00007fff8af7b000 	C:\WINDOWS\System32\sechost.dll
0x00007fff8b560000 - 0x00007fff8b684000 	C:\WINDOWS\System32\RPCRT4.dll
0x00007fff88cb0000 - 0x00007fff88e40000 	C:\WINDOWS\System32\USER32.dll
0x00007fff87f10000 - 0x00007fff87f30000 	C:\WINDOWS\System32\win32u.dll
0x00007fff8aef0000 - 0x00007fff8af18000 	C:\WINDOWS\System32\GDI32.dll
0x00007fff87c70000 - 0x00007fff87e02000 	C:\WINDOWS\System32\gdi32full.dll
0x00007fff88260000 - 0x00007fff882ff000 	C:\WINDOWS\System32\msvcp_win.dll
0x00007fff87e10000 - 0x00007fff87f0a000 	C:\WINDOWS\System32\ucrtbase.dll
0x00007fff7dd50000 - 0x00007fff7dfb9000 	C:\WINDOWS\WinSxS\amd64_microsoft.windows.common-controls_6595b64144ccf1df_6.0.17134.48_none_b4b2216a3cb4dd3e\COMCTL32.dll
0x00007fff88e40000 - 0x00007fff89163000 	C:\WINDOWS\System32\combase.dll
0x00007fff87bf0000 - 0x00007fff87c6a000 	C:\WINDOWS\System32\bcryptPrimitives.dll
0x00007fff8b480000 - 0x00007fff8b4ad000 	C:\WINDOWS\System32\IMM32.DLL
0x0000000073520000 - 0x00000000735f2000 	D:\Program Files\Android\Android Studio\jre\jre\bin\msvcr100.dll
0x00000000736e0000 - 0x0000000073f1f000 	D:\Program Files\Android\Android Studio\jre\jre\bin\server\jvm.dll
0x00007fff8acf0000 - 0x00007fff8acf8000 	C:\WINDOWS\System32\PSAPI.DLL
0x00007fff84bb0000 - 0x00007fff84bb9000 	C:\WINDOWS\SYSTEM32\WSOCK32.dll
0x00007fff8ade0000 - 0x00007fff8ae4c000 	C:\WINDOWS\System32\WS2_32.dll
0x00007fff82ef0000 - 0x00007fff82efa000 	C:\WINDOWS\SYSTEM32\VERSION.dll
0x00007fff85ca0000 - 0x00007fff85cc3000 	C:\WINDOWS\SYSTEM32\WINMM.dll
0x00007fff85c70000 - 0x00007fff85c9a000 	C:\WINDOWS\SYSTEM32\WINMMBASE.dll
0x00007fff88c00000 - 0x00007fff88c49000 	C:\WINDOWS\System32\cfgmgr32.dll
0x00007fff83960000 - 0x00007fff8396f000 	D:\Program Files\Android\Android Studio\jre\jre\bin\verify.dll
0x00007fff754b0000 - 0x00007fff754d9000 	D:\Program Files\Android\Android Studio\jre\jre\bin\java.dll
0x00007fff77b10000 - 0x00007fff77b26000 	D:\Program Files\Android\Android Studio\jre\jre\bin\zip.dll
0x00007fff89770000 - 0x00007fff8abb0000 	C:\WINDOWS\System32\SHELL32.dll
0x00007fff8b3d0000 - 0x00007fff8b479000 	C:\WINDOWS\System32\shcore.dll
0x00007fff884f0000 - 0x00007fff88bfd000 	C:\WINDOWS\System32\windows.storage.dll
0x00007fff8abb0000 - 0x00007fff8ac01000 	C:\WINDOWS\System32\shlwapi.dll
0x00007fff87bb0000 - 0x00007fff87bc1000 	C:\WINDOWS\System32\kernel.appcore.dll
0x00007fff87bd0000 - 0x00007fff87bef000 	C:\WINDOWS\System32\profapi.dll
0x00007fff87b40000 - 0x00007fff87b8c000 	C:\WINDOWS\System32\powrprof.dll
0x00007fff87b30000 - 0x00007fff87b3a000 	C:\WINDOWS\System32\FLTLIB.DLL
0x00007fff81820000 - 0x00007fff8182d000 	D:\Program Files\Android\Android Studio\jre\jre\bin\management.dll
0x00007fff752f0000 - 0x00007fff7530a000 	D:\Program Files\Android\Android Studio\jre\jre\bin\net.dll
0x00007fff873b0000 - 0x00007fff87416000 	C:\WINDOWS\system32\mswsock.dll
0x00007fff752d0000 - 0x00007fff752e1000 	D:\Program Files\Android\Android Studio\jre\jre\bin\nio.dll
0x00007fff87560000 - 0x00007fff87577000 	C:\WINDOWS\SYSTEM32\CRYPTSP.dll
0x00007fff86f90000 - 0x00007fff86fc3000 	C:\WINDOWS\system32\rsaenh.dll
0x00007fff87690000 - 0x00007fff876b5000 	C:\WINDOWS\SYSTEM32\bcrypt.dll
0x00007fff87a30000 - 0x00007fff87a58000 	C:\WINDOWS\SYSTEM32\USERENV.dll
0x00007fff87580000 - 0x00007fff8758b000 	C:\WINDOWS\SYSTEM32\CRYPTBASE.dll
0x00007fff87130000 - 0x00007fff87168000 	C:\WINDOWS\SYSTEM32\IPHLPAPI.DLL
0x00007fff8add0000 - 0x00007fff8add8000 	C:\WINDOWS\System32\NSI.dll
0x00007fff7e310000 - 0x00007fff7e326000 	C:\WINDOWS\SYSTEM32\dhcpcsvc6.DLL
0x00007fff7e2f0000 - 0x00007fff7e30a000 	C:\WINDOWS\SYSTEM32\dhcpcsvc.DLL

VM Arguments:
jvm_args: -Djava.awt.headless=true -Djava.rmi.server.hostname=localhost -Xmx1536m -Dkotlin.environment.keepalive 
java_command: org.jetbrains.kotlin.daemon.KotlinCompileDaemon --daemon-runFilesPath C:\Users\LUXIR\AppData\Local\kotlin\daemon --daemon-autoshutdownIdleSeconds=7200 --daemon-compilerClasspath C:\Users\LUXIR\.gradle\caches\modules-2\files-2.1\org.jetbrains.kotlin\kotlin-compiler-embeddable\1.2.30\9b3f10d4717b9ac238b287e9b6eb2b4eadd8e870\kotlin-compiler-embeddable-1.2.30.jar;C:\Users\LUXIR\.gradle\caches\modules-2\files-2.1\org.jetbrains.kotlin\kotlin-stdlib\1.2.30\2dfac33f8b4e92c9dd1422cd286834701a6f6d6\kotlin-stdlib-1.2.30.jar;C:\Users\LUXIR\.gradle\caches\modules-2\files-2.1\org.jetbrains.kotlin\kotlin-script-runtime\1.2.30\37ee7531a636e99b639f8b1544cdda27d0ee30b0\kotlin-script-runtime-1.2.30.jar;C:\Users\LUXIR\.gradle\caches\modules-2\files-2.1\org.jetbrains.kotlin\kotlin-reflect\1.2.30\9758025a415ee400e1f90ff222bcfec247779133\kotlin-reflect-1.2.30.jar;D:\Program Files\Android\Android Studio\jre\lib\tools.jar
java_class_path (initial): C:\Users\LUXIR\.gradle\caches\modules-2\files-2.1\org.jetbrains.kotlin\kotlin-compiler-embeddable\1.2.30\9b3f10d4717b9ac238b287e9b6eb2b4eadd8e870\kotlin-compiler-embeddable-1.2.30.jar;C:\Users\LUXIR\.gradle\caches\modules-2\files-2.1\org.jetbrains.kotlin\kotlin-stdlib\1.2.30\2dfac33f8b4e92c9dd1422cd286834701a6f6d6\kotlin-stdlib-1.2.30.jar;C:\Users\LUXIR\.gradle\caches\modules-2\files-2.1\org.jetbrains.kotlin\kotlin-script-runtime\1.2.30\37ee7531a636e99b639f8b1544cdda27d0ee30b0\kotlin-script-runtime-1.2.30.jar;C:\Users\LUXIR\.gradle\caches\modules-2\files-2.1\org.jetbrains.kotlin\kotlin-reflect\1.2.30\9758025a415ee400e1f90ff222bcfec247779133\kotlin-reflect-1.2.30.jar;D:\Program Files\Android\Android Studio\jre\lib\tools.jar
Launcher Type: SUN_STANDARD

Environment Variables:
PATH=D:\Program Files\NVIDIA GPU Computing Toolkit\CUDA\v8.0\bin;D:\Program Files\NVIDIA GPU Computing Toolkit\CUDA\v8.0\libnvvp;D:\Program Files (x86)\Python35\;D:\Program Files (x86)\Python35\Scripts;C:\Windows\system32;C:\Windows;C:\Windows\System32\Wbem;C:\Windows\System32\WindowsPowerShell\v1.0\;C:\Program Files (x86)\NVIDIA Corporation\PhysX\Common;C:\Program Files\Microsoft SQL Server\130\Tools\Binn\;D:\Program Files\PuTTY\;C:\Program Files (x86)\GtkSharp\2.12\bin;D:\Program Files (x86)\opencv\build\x64\vc14\bin\;C:\Program Files (x86)\Xoreax\IncrediBuild;C:\WINDOWS\system32;C:\WINDOWS;C:\WINDOWS\System32\Wbem;C:\WINDOWS\System32\WindowsPowerShell\v1.0\;C:\Program Files (x86)\Skype\Phone\;D:\Program Files\TortoiseSVN\bin;D:\Program Files\Java\jdk-9.0.1\bin;C:\WINDOWS\system32;C:\WINDOWS;C:\WINDOWS\System32\Wbem;C:\WINDOWS\System32\WindowsPowerShell\v1.0\;D:\Program Files\Git\cmd;C:\WINDOWS\System32\OpenSSH\;C:\Users\LUXIR\AppData\Local\Microsoft\WindowsApps;;C:\Program Files (x86)\ESTsoft\ALSee\x64
USERNAME=LUXIR
OS=Windows_NT
PROCESSOR_IDENTIFIER=AMD64 Family 23 Model 1 Stepping 1, AuthenticAMD



---------------  S Y S T E M  ---------------

OS: Windows 10.0 , 64 bit Build 17134 (10.0.17134.1)

CPU:total 8 (initial active 8) (8 cores per cpu, 1 threads per core) family 23 model 1 stepping 1, cmov, cx8, fxsr, mmx, sse, sse2, sse3, ssse3, sse4.1, sse4.2, popcnt, avx, avx2, aes, clmul, mmxext, 3dnowpref, lzcnt, sse4a, tsc, tscinvbit, tscinv, bmi1

Memory: 4k page, physical 8340564k(1018312k free), swap 8340564k(5236k free)

vm_info: OpenJDK 64-Bit Server VM (25.152-b02) for windows-amd64 JRE (1.8.0_152-release-1024-b02), built by "builder" with MS VC++ 10.0 (VS2010)

time: Mon May 28 18:09:24 2018
elapsed time: 9 seconds (0d 0h 0m 9s)

