#
# There is insufficient memory for the Java Runtime Environment to continue.
# Native memory allocation (malloc) failed to allocate 886736 bytes for Chunk::new
# Possible reasons:
#   The system is out of physical RAM or swap space
#   In 32 bit mode, the process size limit was hit
# Possible solutions:
#   Reduce memory load on the system
#   Increase physical memory or swap space
#   Check if swap backing store is full
#   Use 64 bit Java on a 64 bit OS
#   Decrease Java heap size (-Xmx/-Xms)
#   Decrease number of Java threads
#   Decrease Java thread stack sizes (-Xss)
#   Set larger code cache with -XX:ReservedCodeCacheSize=
# This output file may be truncated or incomplete.
#
#  Out of Memory Error (allocation.cpp:390), pid=9156, tid=0x0000000000005db8
#
# JRE version: OpenJDK Runtime Environment (8.0_152-b02) (build 1.8.0_152-release-1024-b02)
# Java VM: OpenJDK 64-Bit Server VM (25.152-b02 mixed mode windows-amd64 compressed oops)
# Failed to write core dump. Minidumps are not enabled by default on client versions of Windows
#

---------------  T H R E A D  ---------------

Current thread (0x000000001a529800):  JavaThread "C2 CompilerThread2" daemon [_thread_in_native, id=23992, stack(0x000000001ae20000,0x000000001af20000)]

Stack: [0x000000001ae20000,0x000000001af20000]
[error occurred during error reporting (printing stack bounds), id 0xc0000005]

Native frames: (J=compiled Java code, j=interpreted, Vv=VM code, C=native code)


Current CompileTask:
C2:   4247 4920       4       org.jetbrains.org.objectweb.asm.ClassReader::readMethod (1117 bytes)


---------------  P R O C E S S  ---------------

Java Threads: ( => current thread )
  0x000000001a5b7800 JavaThread "Service Thread" daemon [_thread_blocked, id=12200, stack(0x000000001b020000,0x000000001b120000)]
  0x000000001a52d800 JavaThread "C1 CompilerThread3" daemon [_thread_blocked, id=18388, stack(0x000000001af20000,0x000000001b020000)]
=>0x000000001a529800 JavaThread "C2 CompilerThread2" daemon [_thread_in_native, id=23992, stack(0x000000001ae20000,0x000000001af20000)]
  0x000000001a528800 JavaThread "C2 CompilerThread1" daemon [_thread_blocked, id=11056, stack(0x000000001ad20000,0x000000001ae20000)]
  0x000000001a523800 JavaThread "C2 CompilerThread0" daemon [_thread_blocked, id=23636, stack(0x000000001ac20000,0x000000001ad20000)]
  0x000000001a521000 JavaThread "Attach Listener" daemon [_thread_blocked, id=14676, stack(0x000000001ab20000,0x000000001ac20000)]
  0x000000001a520000 JavaThread "Signal Dispatcher" daemon [_thread_blocked, id=23652, stack(0x000000001aa20000,0x000000001ab20000)]
  0x000000001a4b1000 JavaThread "Finalizer" daemon [_thread_blocked, id=9888, stack(0x000000001a890000,0x000000001a990000)]
  0x00000000185ab000 JavaThread "Reference Handler" daemon [_thread_blocked, id=18080, stack(0x000000001a390000,0x000000001a490000)]
  0x00000000034a4800 JavaThread "main" [_thread_blocked, id=23580, stack(0x0000000003320000,0x0000000003420000)]

Other Threads:
  0x00000000185a5800 VMThread [stack: 0x000000001a290000,0x000000001a390000] [id=5740]
  0x000000001a5b8800 WatcherThread [stack: 0x000000001b120000,0x000000001b220000] [id=11364]

VM state:at safepoint (normal execution)

VM Mutex/Monitor currently owned by a thread:  ([mutex/lock_event])
[0x00000000034a0c50] Threads_lock - owner thread: 0x00000000185a5800
[0x00000000034a1650] Heap_lock - owner thread: 0x00000000034a4800

Heap:
 PSYoungGen      total 155136K, used 20544K [0x00000000d5900000, 0x00000000e1f00000, 0x0000000100000000)
  eden space 133120K, 0% used [0x00000000d5900000,0x00000000d5900000,0x00000000ddb00000)
  from space 22016K, 93% used [0x00000000e0980000,0x00000000e1d900a8,0x00000000e1f00000)
  to   space 5120K, 0% used [0x00000000ddb00000,0x00000000ddb00000,0x00000000de000000)
 ParOldGen       total 63488K, used 27269K [0x0000000080a00000, 0x0000000084800000, 0x00000000d5900000)
  object space 63488K, 42% used [0x0000000080a00000,0x00000000824a1620,0x0000000084800000)
 Metaspace       used 42210K, capacity 42927K, committed 43096K, reserved 1091584K
  class space    used 5228K, capacity 5403K, committed 5504K, reserved 1048576K

Card table byte_map: [0x0000000012960000,0x0000000012d60000] byte_map_base: 0x000000001255b000

Marking Bits: (ParMarkBitMap*) 0x0000000073ea4970
 Begin Bits: [0x0000000013810000, 0x00000000157e8000)
 End Bits:   [0x00000000157e8000, 0x00000000177c0000)

Polling page: 0x0000000001270000

CodeCache: size=245760Kb used=17072Kb max_used=17072Kb free=228687Kb
 bounds [0x00000000035a0000, 0x0000000004660000, 0x00000000125a0000]
 total_blobs=5904 nmethods=5461 adapters=357
 compilation: enabled

Compilation events (10 events):
Event: 4.025 Thread 0x000000001a52d800 5541       3       org.jetbrains.kotlin.resolve.lazy.LazyImportResolver$selectSingleFromImports$2::<init> (11 bytes)
Event: 4.025 Thread 0x000000001a52d800 nmethod 5541 0x0000000004659090 code [0x0000000004659200, 0x0000000004659510]
Event: 4.025 Thread 0x000000001a52d800 5542       3       org.jetbrains.kotlin.resolve.lazy.LazyImportResolver$selectSingleFromImports$2::invoke (5 bytes)
Event: 4.025 Thread 0x000000001a52d800 nmethod 5542 0x0000000004659690 code [0x0000000004659800, 0x0000000004659ae8]
Event: 4.025 Thread 0x000000001a52d800 5538       3       java.util.ArrayDeque::addFirst (53 bytes)
Event: 4.025 Thread 0x000000001a52d800 nmethod 5538 0x0000000004659bd0 code [0x0000000004659d60, 0x000000000465a178]
Event: 4.025 Thread 0x000000001a52d800 5543       3       org.jetbrains.kotlin.resolve.calls.ArgumentTypeResolver::getCallableReferenceExpressionIfAny (23 bytes)
Event: 4.026 Thread 0x000000001a52d800 nmethod 5543 0x000000000465a310 code [0x000000000465a480, 0x000000000465a808]
Event: 4.027 Thread 0x000000001a52d800 5544       3       org.jetbrains.kotlin.com.intellij.psi.impl.source.SubstrateRef$2::getContainingFile (31 bytes)
Event: 4.027 Thread 0x000000001a52d800 nmethod 5544 0x000000000465a910 code [0x000000000465aac0, 0x000000000465ae98]

GC Heap History (10 events):
Event: 1.232 GC heap after
Heap after GC invocations=4 (full 1):
 PSYoungGen      total 71680K, used 0K [0x00000000d5900000, 0x00000000de500000, 0x0000000100000000)
  eden space 66560K, 0% used [0x00000000d5900000,0x00000000d5900000,0x00000000d9a00000)
  from space 5120K, 0% used [0x00000000d9a00000,0x00000000d9a00000,0x00000000d9f00000)
  to   space 5120K, 0% used [0x00000000de000000,0x00000000de000000,0x00000000de500000)
 ParOldGen       total 63488K, used 9837K [0x0000000080a00000, 0x0000000084800000, 0x00000000d5900000)
  object space 63488K, 15% used [0x0000000080a00000,0x000000008139b510,0x0000000084800000)
 Metaspace       used 20833K, capacity 21174K, committed 21248K, reserved 1067008K
  class space    used 2663K, capacity 2801K, committed 2816K, reserved 1048576K
}
Event: 2.106 GC heap before
{Heap before GC invocations=5 (full 1):
 PSYoungGen      total 71680K, used 66560K [0x00000000d5900000, 0x00000000de500000, 0x0000000100000000)
  eden space 66560K, 100% used [0x00000000d5900000,0x00000000d9a00000,0x00000000d9a00000)
  from space 5120K, 0% used [0x00000000d9a00000,0x00000000d9a00000,0x00000000d9f00000)
  to   space 5120K, 0% used [0x00000000de000000,0x00000000de000000,0x00000000de500000)
 ParOldGen       total 63488K, used 9837K [0x0000000080a00000, 0x0000000084800000, 0x00000000d5900000)
  object space 63488K, 15% used [0x0000000080a00000,0x000000008139b510,0x0000000084800000)
 Metaspace       used 31788K, capacity 32202K, committed 32640K, reserved 1077248K
  class space    used 3984K, capacity 4113K, committed 4224K, reserved 1048576K
Event: 2.117 GC heap after
Heap after GC invocations=5 (full 1):
 PSYoungGen      total 107520K, used 5088K [0x00000000d5900000, 0x00000000de500000, 0x0000000100000000)
  eden space 102400K, 0% used [0x00000000d5900000,0x00000000d5900000,0x00000000dbd00000)
  from space 5120K, 99% used [0x00000000de000000,0x00000000de4f8020,0x00000000de500000)
  to   space 5120K, 0% used [0x00000000ddb00000,0x00000000ddb00000,0x00000000de000000)
 ParOldGen       total 63488K, used 22088K [0x0000000080a00000, 0x0000000084800000, 0x00000000d5900000)
  object space 63488K, 34% used [0x0000000080a00000,0x0000000081f920e8,0x0000000084800000)
 Metaspace       used 31788K, capacity 32202K, committed 32640K, reserved 1077248K
  class space    used 3984K, capacity 4113K, committed 4224K, reserved 1048576K
}
Event: 2.602 GC heap before
{Heap before GC invocations=6 (full 1):
 PSYoungGen      total 107520K, used 61279K [0x00000000d5900000, 0x00000000de500000, 0x0000000100000000)
  eden space 102400K, 54% used [0x00000000d5900000,0x00000000d8fdfdd0,0x00000000dbd00000)
  from space 5120K, 99% used [0x00000000de000000,0x00000000de4f8020,0x00000000de500000)
  to   space 5120K, 0% used [0x00000000ddb00000,0x00000000ddb00000,0x00000000de000000)
 ParOldGen       total 63488K, used 22088K [0x0000000080a00000, 0x0000000084800000, 0x00000000d5900000)
  object space 63488K, 34% used [0x0000000080a00000,0x0000000081f920e8,0x0000000084800000)
 Metaspace       used 34628K, capacity 35120K, committed 35416K, reserved 1081344K
  class space    used 4336K, capacity 4456K, committed 4480K, reserved 1048576K
Event: 2.619 GC heap after
Heap after GC invocations=6 (full 1):
 PSYoungGen      total 138240K, used 5088K [0x00000000d5900000, 0x00000000e1f00000, 0x0000000100000000)
  eden space 133120K, 0% used [0x00000000d5900000,0x00000000d5900000,0x00000000ddb00000)
  from space 5120K, 99% used [0x00000000ddb00000,0x00000000ddff8020,0x00000000de000000)
  to   space 22016K, 0% used [0x00000000e0980000,0x00000000e0980000,0x00000000e1f00000)
 ParOldGen       total 63488K, used 36771K [0x0000000080a00000, 0x0000000084800000, 0x00000000d5900000)
  object space 63488K, 57% used [0x0000000080a00000,0x0000000082de8e98,0x0000000084800000)
 Metaspace       used 34628K, capacity 35120K, committed 35416K, reserved 1081344K
  class space    used 4336K, capacity 4456K, committed 4480K, reserved 1048576K
}
Event: 2.619 GC heap before
{Heap before GC invocations=7 (full 2):
 PSYoungGen      total 138240K, used 5088K [0x00000000d5900000, 0x00000000e1f00000, 0x0000000100000000)
  eden space 133120K, 0% used [0x00000000d5900000,0x00000000d5900000,0x00000000ddb00000)
  from space 5120K, 99% used [0x00000000ddb00000,0x00000000ddff8020,0x00000000de000000)
  to   space 22016K, 0% used [0x00000000e0980000,0x00000000e0980000,0x00000000e1f00000)
 ParOldGen       total 63488K, used 36771K [0x0000000080a00000, 0x0000000084800000, 0x00000000d5900000)
  object space 63488K, 57% used [0x0000000080a00000,0x0000000082de8e98,0x0000000084800000)
 Metaspace       used 34628K, capacity 35120K, committed 35416K, reserved 1081344K
  class space    used 4336K, capacity 4456K, committed 4480K, reserved 1048576K
Event: 2.690 GC heap after
Heap after GC invocations=7 (full 2):
 PSYoungGen      total 138240K, used 0K [0x00000000d5900000, 0x00000000e1f00000, 0x0000000100000000)
  eden space 133120K, 0% used [0x00000000d5900000,0x00000000d5900000,0x00000000ddb00000)
  from space 5120K, 0% used [0x00000000ddb00000,0x00000000ddb00000,0x00000000de000000)
  to   space 22016K, 0% used [0x00000000e0980000,0x00000000e0980000,0x00000000e1f00000)
 ParOldGen       total 63488K, used 27261K [0x0000000080a00000, 0x0000000084800000, 0x00000000d5900000)
  object space 63488K, 42% used [0x0000000080a00000,0x000000008249f620,0x0000000084800000)
 Metaspace       used 34628K, capacity 35120K, committed 35416K, reserved 1081344K
  class space    used 4336K, capacity 4456K, committed 4480K, reserved 1048576K
}
Event: 4.030 GC heap before
{Heap before GC invocations=8 (full 2):
 PSYoungGen      total 138240K, used 97127K [0x00000000d5900000, 0x00000000e1f00000, 0x0000000100000000)
  eden space 133120K, 72% used [0x00000000d5900000,0x00000000db7d9cd8,0x00000000ddb00000)
  from space 5120K, 0% used [0x00000000ddb00000,0x00000000ddb00000,0x00000000de000000)
  to   space 22016K, 0% used [0x00000000e0980000,0x00000000e0980000,0x00000000e1f00000)
 ParOldGen       total 63488K, used 27261K [0x0000000080a00000, 0x0000000084800000, 0x00000000d5900000)
  object space 63488K, 42% used [0x0000000080a00000,0x000000008249f620,0x0000000084800000)
 Metaspace       used 42210K, capacity 42927K, committed 43096K, reserved 1091584K
  class space    used 5228K, capacity 5403K, committed 5504K, reserved 1048576K
Event: 4.046 GC heap after
Heap after GC invocations=8 (full 2):
 PSYoungGen      total 155136K, used 20544K [0x00000000d5900000, 0x00000000e1f00000, 0x0000000100000000)
  eden space 133120K, 0% used [0x00000000d5900000,0x00000000d5900000,0x00000000ddb00000)
  from space 22016K, 93% used [0x00000000e0980000,0x00000000e1d900a8,0x00000000e1f00000)
  to   space 5120K, 0% used [0x00000000ddb00000,0x00000000ddb00000,0x00000000de000000)
 ParOldGen       total 63488K, used 27269K [0x0000000080a00000, 0x0000000084800000, 0x00000000d5900000)
  object space 63488K, 42% used [0x0000000080a00000,0x00000000824a1620,0x0000000084800000)
 Metaspace       used 42210K, capacity 42927K, committed 43096K, reserved 1091584K
  class space    used 5228K, capacity 5403K, committed 5504K, reserved 1048576K
}
Event: 4.046 GC heap before
{Heap before GC invocations=9 (full 3):
 PSYoungGen      total 155136K, used 20544K [0x00000000d5900000, 0x00000000e1f00000, 0x0000000100000000)
  eden space 133120K, 0% used [0x00000000d5900000,0x00000000d5900000,0x00000000ddb00000)
  from space 22016K, 93% used [0x00000000e0980000,0x00000000e1d900a8,0x00000000e1f00000)
  to   space 5120K, 0% used [0x00000000ddb00000,0x00000000ddb00000,0x00000000de000000)
 ParOldGen       total 63488K, used 27269K [0x0000000080a00000, 0x0000000084800000, 0x00000000d5900000)
  object space 63488K, 42% used [0x0000000080a00000,0x00000000824a1620,0x0000000084800000)
 Metaspace       used 42210K, capacity 42927K, committed 43096K, reserved 1091584K
  class space    used 5228K, capacity 5403K, committed 5504K, reserved 1048576K

Deoptimization events (10 events):
Event: 3.916 Thread 0x00000000034a4800 Uncommon trap: reason=unstable_if action=reinterpret pc=0x0000000004576780 method=org.jetbrains.kotlin.util.slicedMap.OpenAddressLinearProbingHashTable.get(Ljava/lang/Object;)Ljava/lang/Object; @ 81
Event: 3.927 Thread 0x00000000034a4800 Uncommon trap: reason=unstable_if action=reinterpret pc=0x0000000004583fd8 method=org.jetbrains.kotlin.util.slicedMap.OpenAddressLinearProbingHashTable.get(Ljava/lang/Object;)Ljava/lang/Object; @ 81
Event: 3.949 Thread 0x00000000034a4800 Uncommon trap: reason=bimorphic action=maybe_recompile pc=0x0000000004078440 method=org.jetbrains.kotlin.com.intellij.psi.impl.source.tree.TreeElement.rawRemoveUpToWithoutNotifications(Lorg/jetbrains/kotlin/com/intellij/psi/impl/source/tree/TreeElement;Z)
Event: 3.995 Thread 0x00000000034a4800 Uncommon trap: reason=unstable_if action=reinterpret pc=0x00000000045cf05c method=java.util.ArrayDeque.addLast(Ljava/lang/Object;)V @ 45
Event: 3.996 Thread 0x00000000034a4800 Uncommon trap: reason=unstable_if action=reinterpret pc=0x00000000045d1a14 method=java.util.ArrayDeque.addLast(Ljava/lang/Object;)V @ 45
Event: 4.014 Thread 0x00000000034a4800 Uncommon trap: reason=class_check action=maybe_recompile pc=0x00000000043f31c0 method=org.jetbrains.kotlin.gnu.trove.THashIterator.nextIndex()I @ 8
Event: 4.014 Thread 0x00000000034a4800 Uncommon trap: reason=class_check action=maybe_recompile pc=0x00000000043f687c method=org.jetbrains.kotlin.gnu.trove.THashIterator.nextIndex()I @ 8
Event: 4.015 Thread 0x00000000034a4800 Uncommon trap: reason=class_check action=maybe_recompile pc=0x00000000043f31c0 method=org.jetbrains.kotlin.gnu.trove.THashIterator.nextIndex()I @ 8
Event: 4.015 Thread 0x00000000034a4800 Uncommon trap: reason=class_check action=maybe_recompile pc=0x00000000043f687c method=org.jetbrains.kotlin.gnu.trove.THashIterator.nextIndex()I @ 8
Event: 4.015 Thread 0x00000000034a4800 Uncommon trap: reason=class_check action=maybe_recompile pc=0x00000000043f31c0 method=org.jetbrains.kotlin.gnu.trove.THashIterator.nextIndex()I @ 8

Classes redefined (0 events):
No events

Internal exceptions (10 events):
Event: 1.918 Thread 0x00000000034a4800 Exception <a 'java/lang/NoSuchMethodError': java.lang.Object.lambda$static$0(I)[Lorg/jetbrains/kotlin/com/intellij/psi/PsiElement;> (0x00000000d8afb9c0) thrown at [D:\src\AOSP-openjdk-cygwin\jdk8u\hotspot\src\share\vm\interpreter\linkResolver.cpp, line 58
Event: 1.928 Thread 0x00000000034a4800 Exception <a 'java/lang/NoSuchMethodError': java.lang.Object.lambda$static$0(I)[Lorg/jetbrains/kotlin/psi/KtTypeElement;> (0x00000000d8bcafb8) thrown at [D:\src\AOSP-openjdk-cygwin\jdk8u\hotspot\src\share\vm\interpreter\linkResolver.cpp, line 584]
Event: 2.000 Thread 0x00000000034a4800 Implicit null exception at 0x0000000003bb7f14 to 0x0000000003bb80d8
Event: 2.140 Thread 0x00000000034a4800 Exception <a 'java/lang/NoSuchMethodError': java.lang.Object.lambda$static$0(I)[Lorg/jetbrains/kotlin/com/intellij/psi/PsiClass;> (0x00000000d5a7b340) thrown at [D:\src\AOSP-openjdk-cygwin\jdk8u\hotspot\src\share\vm\interpreter\linkResolver.cpp, line 584]
Event: 2.895 Thread 0x00000000034a4800 Exception <a 'java/lang/NoSuchMethodError': java.lang.Object.lambda$static$0(I)[Lorg/jetbrains/kotlin/com/intellij/psi/PsiTypeElement;> (0x00000000d65c22b0) thrown at [D:\src\AOSP-openjdk-cygwin\jdk8u\hotspot\src\share\vm\interpreter\linkResolver.cpp, lin
Event: 2.954 Thread 0x00000000034a4800 Exception <a 'java/lang/NoSuchMethodError': java.lang.Object.lambda$static$0(I)[Lorg/jetbrains/kotlin/com/intellij/psi/PsiTypeParameter;> (0x00000000d6ae2af0) thrown at [D:\src\AOSP-openjdk-cygwin\jdk8u\hotspot\src\share\vm\interpreter\linkResolver.cpp, l
Event: 2.984 Thread 0x00000000034a4800 Exception <a 'java/lang/NoSuchMethodError': java.lang.Object.lambda$static$0(I)[Lorg/jetbrains/kotlin/com/intellij/psi/PsiMethod;> (0x00000000d6f03e78) thrown at [D:\src\AOSP-openjdk-cygwin\jdk8u\hotspot\src\share\vm\interpreter\linkResolver.cpp, line 584
Event: 2.986 Thread 0x00000000034a4800 Exception <a 'java/lang/NoSuchMethodError': java.lang.Object.lambda$static$0(I)[Lorg/jetbrains/kotlin/com/intellij/psi/PsiField;> (0x00000000d6f0e640) thrown at [D:\src\AOSP-openjdk-cygwin\jdk8u\hotspot\src\share\vm\interpreter\linkResolver.cpp, line 584]
Event: 3.008 Thread 0x00000000034a4800 Exception <a 'java/lang/NoSuchMethodError': java.lang.Object.lambda$static$0(I)[Lorg/jetbrains/kotlin/com/intellij/psi/PsiJavaCodeReferenceElement;> (0x00000000d7006208) thrown at [D:\src\AOSP-openjdk-cygwin\jdk8u\hotspot\src\share\vm\interpreter\linkReso
Event: 3.111 Thread 0x00000000034a4800 Implicit null exception at 0x0000000003b5954c to 0x0000000003b595f5

Events (10 events):
Event: 4.028 loading class org/jetbrains/kotlin/cfg/WhenOnBooleanExhaustivenessChecker done
Event: 4.028 loading class org/jetbrains/kotlin/cfg/WhenOnEnumExhaustivenessChecker
Event: 4.028 loading class org/jetbrains/kotlin/cfg/WhenOnEnumExhaustivenessChecker done
Event: 4.028 loading class org/jetbrains/kotlin/cfg/WhenOnClassExhaustivenessChecker
Event: 4.028 loading class org/jetbrains/kotlin/cfg/WhenOnClassExhaustivenessChecker done
Event: 4.028 loading class org/jetbrains/kotlin/cfg/WhenOnSealedExhaustivenessChecker
Event: 4.028 loading class org/jetbrains/kotlin/cfg/WhenOnSealedExhaustivenessChecker done
Event: 4.029 loading class org/jetbrains/kotlin/resolve/calls/smartcasts/ConditionalDataFlowInfo$Companion
Event: 4.029 loading class org/jetbrains/kotlin/resolve/calls/smartcasts/ConditionalDataFlowInfo$Companion done
Event: 4.030 Executing VM operation: CollectForMetadataAllocation


Dynamic libraries:
0x00007ff759840000 - 0x00007ff759871000 	D:\Program Files\Android\Android Studio\jre\jre\bin\java.exe
0x00007fff8b820000 - 0x00007fff8ba01000 	C:\WINDOWS\SYSTEM32\ntdll.dll
0x00007fff8ac10000 - 0x00007fff8acc2000 	C:\WINDOWS\System32\KERNEL32.DLL
0x00007fff87fe0000 - 0x00007fff88253000 	C:\WINDOWS\System32\KERNELBASE.dll
0x00007fff8b4b0000 - 0x00007fff8b551000 	C:\WINDOWS\System32\ADVAPI32.dll
0x00007fff8ae50000 - 0x00007fff8aeee000 	C:\WINDOWS\System32\msvcrt.dll
0x00007fff8af20000 - 0x00007fff8af7b000 	C:\WINDOWS\System32\sechost.dll
0x00007fff8b560000 - 0x00007fff8b684000 	C:\WINDOWS\System32\RPCRT4.dll
0x00007fff88cb0000 - 0x00007fff88e40000 	C:\WINDOWS\System32\USER32.dll
0x00007fff87f10000 - 0x00007fff87f30000 	C:\WINDOWS\System32\win32u.dll
0x00007fff8aef0000 - 0x00007fff8af18000 	C:\WINDOWS\System32\GDI32.dll
0x00007fff87c70000 - 0x00007fff87e02000 	C:\WINDOWS\System32\gdi32full.dll
0x00007fff88260000 - 0x00007fff882ff000 	C:\WINDOWS\System32\msvcp_win.dll
0x00007fff87e10000 - 0x00007fff87f0a000 	C:\WINDOWS\System32\ucrtbase.dll
0x00007fff7dd50000 - 0x00007fff7dfb9000 	C:\WINDOWS\WinSxS\amd64_microsoft.windows.common-controls_6595b64144ccf1df_6.0.17134.48_none_b4b2216a3cb4dd3e\COMCTL32.dll
0x00007fff88e40000 - 0x00007fff89163000 	C:\WINDOWS\System32\combase.dll
0x00007fff87bf0000 - 0x00007fff87c6a000 	C:\WINDOWS\System32\bcryptPrimitives.dll
0x00007fff8b480000 - 0x00007fff8b4ad000 	C:\WINDOWS\System32\IMM32.DLL
0x0000000073520000 - 0x00000000735f2000 	D:\Program Files\Android\Android Studio\jre\jre\bin\msvcr100.dll
0x00000000736e0000 - 0x0000000073f1f000 	D:\Program Files\Android\Android Studio\jre\jre\bin\server\jvm.dll
0x00007fff8acf0000 - 0x00007fff8acf8000 	C:\WINDOWS\System32\PSAPI.DLL
0x00007fff85ca0000 - 0x00007fff85cc3000 	C:\WINDOWS\SYSTEM32\WINMM.dll
0x00007fff82ef0000 - 0x00007fff82efa000 	C:\WINDOWS\SYSTEM32\VERSION.dll
0x00007fff84bb0000 - 0x00007fff84bb9000 	C:\WINDOWS\SYSTEM32\WSOCK32.dll
0x00007fff8ade0000 - 0x00007fff8ae4c000 	C:\WINDOWS\System32\WS2_32.dll
0x00007fff85c70000 - 0x00007fff85c9a000 	C:\WINDOWS\SYSTEM32\winmmbase.dll
0x00007fff88c00000 - 0x00007fff88c49000 	C:\WINDOWS\System32\cfgmgr32.dll
0x00007fff83960000 - 0x00007fff8396f000 	D:\Program Files\Android\Android Studio\jre\jre\bin\verify.dll
0x00007fff754b0000 - 0x00007fff754d9000 	D:\Program Files\Android\Android Studio\jre\jre\bin\java.dll
0x00007fff77b10000 - 0x00007fff77b26000 	D:\Program Files\Android\Android Studio\jre\jre\bin\zip.dll
0x00007fff89770000 - 0x00007fff8abb0000 	C:\WINDOWS\System32\SHELL32.dll
0x00007fff8b3d0000 - 0x00007fff8b479000 	C:\WINDOWS\System32\shcore.dll
0x00007fff884f0000 - 0x00007fff88bfd000 	C:\WINDOWS\System32\windows.storage.dll
0x00007fff8abb0000 - 0x00007fff8ac01000 	C:\WINDOWS\System32\shlwapi.dll
0x00007fff87bb0000 - 0x00007fff87bc1000 	C:\WINDOWS\System32\kernel.appcore.dll
0x00007fff87bd0000 - 0x00007fff87bef000 	C:\WINDOWS\System32\profapi.dll
0x00007fff87b40000 - 0x00007fff87b8c000 	C:\WINDOWS\System32\powrprof.dll
0x00007fff87b30000 - 0x00007fff87b3a000 	C:\WINDOWS\System32\FLTLIB.DLL
0x00007fff752f0000 - 0x00007fff7530a000 	D:\Program Files\Android\Android Studio\jre\jre\bin\net.dll
0x00007fff873b0000 - 0x00007fff87416000 	C:\WINDOWS\system32\mswsock.dll
0x00007fff752d0000 - 0x00007fff752e1000 	D:\Program Files\Android\Android Studio\jre\jre\bin\nio.dll

VM Arguments:
java_command: org.jetbrains.kotlin.cli.jvm.K2JVMCompiler -Xadd-compiler-builtins -Xbuild-file=C:\Users\LUXIR\AppData\Local\Temp\kjps103719824345470499app_debug.script.xml -classpath C:\Users\LUXIR\.gradle\caches\modules-2\files-2.1\org.jetbrains.kotlin\kotlin-stdlib-jre7\1.2.30\b38fc19e670ebef931fef3ccdcb94eac2b65bb7d\kotlin-stdlib-jre7-1.2.30.jar;C:\Users\LUXIR\.gradle\caches\transforms-1\files-1.1\appcompat-v7-26.1.0.aar\1c1558f274102e8ff746fc23c2d4441e\jars\classes.jar;C:\Users\LUXIR\.gradle\caches\transforms-1\files-1.1\constraint-layout-1.1.0.aar\8b07f551b6ec2e91d9a333a31a789ed8\jars\classes.jar;C:\Users\LUXIR\.gradle\caches\transforms-1\files-1.1\butterknife-8.8.1.aar\01f8c7dd1feaefb82704447b8bc6787c\jars\classes.jar;C:\Users\LUXIR\.gradle\caches\modules-2\files-2.1\com.googlecode.android-query\android-query\0.25.9\fff82e4e1e56b60d6eb1d5487dbd3d3b526b635f\android-query-0.25.9.jar;C:\Users\LUXIR\.gradle\caches\transforms-1\files-1.1\play-services-maps-15.0.1.aar\92e97096546a7035274c321a6698a444\jars\classes.jar;C:\Users\LUXIR\.gradle\caches\transforms-1\files-1.1\play-services-location-15.0.1.aar\d9712e8e9b81d126c0c60e7adccaf209\jars\classes.jar;C:\Users\LUXIR\.gradle\caches\modules-2\files-2.1\org.jetbrains.kotlin\kotlin-stdlib\1.2.30\2dfac33f8b4e92c9dd1422cd286834701a6f6d6\kotlin-stdlib-1.2.30.jar;C:\Users\LUXIR\.gradle\caches\transforms-1\files-1.1\animated-vector-drawable-26.1.0.aar\a584c5503b68ac3a1e831871a910a358\jars\classes.jar;C:\Users\LUXIR\.gradle\caches\transforms-1\files-1.1\support-vector-drawable-26.1.0.aar\58c39a632d28b6a27495bd417d2df0b8\jars\classes.jar;C:\Users\LUXIR\.gradle\caches\modules-2\files-2.1\com.jakewharton\butterknife-annotations\8.8.1\bc373fb6bc7bca3035041b924f158fd2b946ee8d\butterknife-annotations-8.8.1.jar;C:\Users\LUXIR\.gradle\caches\transforms-1\files-1.1\play-services-base-15.0.1.aar\65156dde0375515675a7fc822219b5ca\jars\classes.jar;C:\Users\LUXIR\.gradle\caches\transforms-1\files-1.1\play-services-places-placereport-15.0.
java_class_path (initial): C:\Users\LUXIR\.gradle\caches\modules-2\files-2.1\org.jetbrains.kotlin\kotlin-compiler-embeddable\1.2.30\9b3f10d4717b9ac238b287e9b6eb2b4eadd8e870\kotlin-compiler-embeddable-1.2.30.jar;C:\Users\LUXIR\.gradle\caches\modules-2\files-2.1\org.jetbrains.kotlin\kotlin-stdlib\1.2.30\2dfac33f8b4e92c9dd1422cd286834701a6f6d6\kotlin-stdlib-1.2.30.jar;C:\Users\LUXIR\.gradle\caches\modules-2\files-2.1\org.jetbrains.kotlin\kotlin-script-runtime\1.2.30\37ee7531a636e99b639f8b1544cdda27d0ee30b0\kotlin-script-runtime-1.2.30.jar;C:\Users\LUXIR\.gradle\caches\modules-2\files-2.1\org.jetbrains.kotlin\kotlin-reflect\1.2.30\9758025a415ee400e1f90ff222bcfec247779133\kotlin-reflect-1.2.30.jar;D:\Program Files\Android\Android Studio\jre\lib\tools.jar
Launcher Type: SUN_STANDARD

Environment Variables:
PATH=D:\Program Files\NVIDIA GPU Computing Toolkit\CUDA\v8.0\bin;D:\Program Files\NVIDIA GPU Computing Toolkit\CUDA\v8.0\libnvvp;D:\Program Files (x86)\Python35\;D:\Program Files (x86)\Python35\Scripts;C:\Windows\system32;C:\Windows;C:\Windows\System32\Wbem;C:\Windows\System32\WindowsPowerShell\v1.0\;C:\Program Files (x86)\NVIDIA Corporation\PhysX\Common;C:\Program Files\Microsoft SQL Server\130\Tools\Binn\;D:\Program Files\PuTTY\;C:\Program Files (x86)\GtkSharp\2.12\bin;D:\Program Files (x86)\opencv\build\x64\vc14\bin\;C:\Program Files (x86)\Xoreax\IncrediBuild;C:\WINDOWS\system32;C:\WINDOWS;C:\WINDOWS\System32\Wbem;C:\WINDOWS\System32\WindowsPowerShell\v1.0\;C:\Program Files (x86)\Skype\Phone\;D:\Program Files\TortoiseSVN\bin;D:\Program Files\Java\jdk-9.0.1\bin;C:\WINDOWS\system32;C:\WINDOWS;C:\WINDOWS\System32\Wbem;C:\WINDOWS\System32\WindowsPowerShell\v1.0\;D:\Program Files\Git\cmd;C:\WINDOWS\System32\OpenSSH\;C:\Users\LUXIR\AppData\Local\Microsoft\WindowsApps;;C:\Program Files (x86)\ESTsoft\ALSee\x64
USERNAME=LUXIR
OS=Windows_NT
PROCESSOR_IDENTIFIER=AMD64 Family 23 Model 1 Stepping 1, AuthenticAMD



---------------  S Y S T E M  ---------------

OS: Windows 10.0 , 64 bit Build 17134 (10.0.17134.1)

CPU:total 8 (initial active 8) (8 cores per cpu, 1 threads per core) family 23 model 1 stepping 1, cmov, cx8, fxsr, mmx, sse, sse2, sse3, ssse3, sse4.1, sse4.2, popcnt, avx, avx2, aes, clmul, mmxext, 3dnowpref, lzcnt, sse4a, tsc, tscinvbit, tscinv, bmi1

Memory: 4k page, physical 8340564k(995032k free), swap 8340564k(1512k free)

vm_info: OpenJDK 64-Bit Server VM (25.152-b02) for windows-amd64 JRE (1.8.0_152-release-1024-b02), built by "builder" with MS VC++ 10.0 (VS2010)

time: Mon May 28 18:09:31 2018
elapsed time: 4 seconds (0d 0h 0m 4s)

