#
# There is insufficient memory for the Java Runtime Environment to continue.
# Native memory allocation (malloc) failed to allocate 1311696 bytes for Chunk::new
# Possible reasons:
#   The system is out of physical RAM or swap space
#   In 32 bit mode, the process size limit was hit
# Possible solutions:
#   Reduce memory load on the system
#   Increase physical memory or swap space
#   Check if swap backing store is full
#   Use 64 bit Java on a 64 bit OS
#   Decrease Java heap size (-Xmx/-Xms)
#   Decrease number of Java threads
#   Decrease Java thread stack sizes (-Xss)
#   Set larger code cache with -XX:ReservedCodeCacheSize=
# This output file may be truncated or incomplete.
#
#  Out of Memory Error (allocation.cpp:390), pid=240, tid=0x0000000000003c74
#
# JRE version: OpenJDK Runtime Environment (8.0_152-b02) (build 1.8.0_152-release-1024-b02)
# Java VM: OpenJDK 64-Bit Server VM (25.152-b02 mixed mode windows-amd64 compressed oops)
# Failed to write core dump. Minidumps are not enabled by default on client versions of Windows
#

---------------  T H R E A D  ---------------

Current thread (0x000000001a449000):  JavaThread "C2 CompilerThread2" daemon [_thread_in_native, id=15476, stack(0x000000001acb0000,0x000000001adb0000)]

Stack: [0x000000001acb0000,0x000000001adb0000]
[error occurred during error reporting (printing stack bounds), id 0xc0000005]

Native frames: (J=compiled Java code, j=interpreted, Vv=VM code, C=native code)


Current CompileTask:
C2:   1798 1466   !   4       java.net.URLClassLoader$1::run (63 bytes)


---------------  P R O C E S S  ---------------

Java Threads: ( => current thread )
  0x000000001a467000 JavaThread "Service Thread" daemon [_thread_blocked, id=21864, stack(0x000000001aeb0000,0x000000001afb0000)]
  0x000000001a451800 JavaThread "C1 CompilerThread3" daemon [_thread_blocked, id=712, stack(0x000000001adb0000,0x000000001aeb0000)]
=>0x000000001a449000 JavaThread "C2 CompilerThread2" daemon [_thread_in_native, id=15476, stack(0x000000001acb0000,0x000000001adb0000)]
  0x000000001a446800 JavaThread "C2 CompilerThread1" daemon [_thread_in_native, id=16216, stack(0x000000001abb0000,0x000000001acb0000)]
  0x000000001a441800 JavaThread "C2 CompilerThread0" daemon [_thread_blocked, id=12040, stack(0x000000001aab0000,0x000000001abb0000)]
  0x000000001a3ea800 JavaThread "Attach Listener" daemon [_thread_blocked, id=16048, stack(0x000000001a9b0000,0x000000001aab0000)]
  0x000000001a3e9800 JavaThread "Signal Dispatcher" daemon [_thread_blocked, id=23976, stack(0x000000001a8b0000,0x000000001a9b0000)]
  0x000000001a3d1000 JavaThread "Finalizer" daemon [_thread_blocked, id=20148, stack(0x000000001a7b0000,0x000000001a8b0000)]
  0x00000000184eb000 JavaThread "Reference Handler" daemon [_thread_blocked, id=16068, stack(0x000000001a2b0000,0x000000001a3b0000)]
  0x00000000033e4800 JavaThread "main" [_thread_in_vm, id=22120, stack(0x00000000032e0000,0x00000000033e0000)]

Other Threads:
  0x00000000184e5800 VMThread [stack: 0x000000001a1b0000,0x000000001a2b0000] [id=20200]
  0x000000001a467800 WatcherThread [stack: 0x000000001afb0000,0x000000001b0b0000] [id=8004]

VM state:not at safepoint (normal execution)

VM Mutex/Monitor currently owned by a thread: None

Heap:
 PSYoungGen      total 71680K, used 39983K [0x00000000d5900000, 0x00000000de500000, 0x0000000100000000)
  eden space 66560K, 60% used [0x00000000d5900000,0x00000000d800beb0,0x00000000d9a00000)
  from space 5120K, 0% used [0x00000000d9a00000,0x00000000d9a00000,0x00000000d9f00000)
  to   space 5120K, 0% used [0x00000000de000000,0x00000000de000000,0x00000000de500000)
 ParOldGen       total 69632K, used 9955K [0x0000000080a00000, 0x0000000084e00000, 0x00000000d5900000)
  object space 69632K, 14% used [0x0000000080a00000,0x00000000813b8ec8,0x0000000084e00000)
 Metaspace       used 27374K, capacity 27748K, committed 28032K, reserved 1073152K
  class space    used 3516K, capacity 3642K, committed 3712K, reserved 1048576K

Card table byte_map: [0x00000000128a0000,0x0000000012ca0000] byte_map_base: 0x000000001249b000

Marking Bits: (ParMarkBitMap*) 0x0000000073ea4970
 Begin Bits: [0x0000000013750000, 0x0000000015728000)
 End Bits:   [0x0000000015728000, 0x0000000017700000)

Polling page: 0x0000000002e40000

CodeCache: size=245760Kb used=4834Kb max_used=4834Kb free=240925Kb
 bounds [0x00000000034e0000, 0x00000000039a0000, 0x00000000124e0000]
 total_blobs=2074 nmethods=1682 adapters=304
 compilation: enabled

Compilation events (10 events):
Event: 1.771 Thread 0x000000001a451800 1654       3       kotlin.reflect.jvm.internal.KCallableImpl::<init> (77 bytes)
Event: 1.771 Thread 0x000000001a451800 nmethod 1654 0x000000000397e8d0 code [0x000000000397eb20, 0x000000000397f898]
Event: 1.771 Thread 0x000000001a451800 1655       3       org.jetbrains.kotlin.container.ComponentResolveContext::resolve (46 bytes)
Event: 1.772 Thread 0x000000001a451800 nmethod 1655 0x0000000003980050 code [0x0000000003980200, 0x0000000003980628]
Event: 1.772 Thread 0x000000001a451800 1656       3       org.jetbrains.kotlin.container.StorageComponentContainer::resolve (36 bytes)
Event: 1.772 Thread 0x000000001a451800 nmethod 1656 0x00000000039807d0 code [0x0000000003980980, 0x0000000003980dd8]
Event: 1.772 Thread 0x000000001a451800 1657       3       java.util.Collections$SingletonList::get (41 bytes)
Event: 1.772 Thread 0x000000001a451800 nmethod 1657 0x0000000003980f90 code [0x0000000003981180, 0x0000000003981ac8]
Event: 1.772 Thread 0x000000001a451800 1658       3       org.jetbrains.kotlin.name.FqNameUnsafe::<init> (20 bytes)
Event: 1.772 Thread 0x000000001a451800 nmethod 1658 0x0000000003981ed0 code [0x0000000003982020, 0x0000000003982210]

GC Heap History (8 events):
Event: 0.517 GC heap before
{Heap before GC invocations=1 (full 0):
 PSYoungGen      total 38400K, used 33280K [0x00000000d5900000, 0x00000000d8380000, 0x0000000100000000)
  eden space 33280K, 100% used [0x00000000d5900000,0x00000000d7980000,0x00000000d7980000)
  from space 5120K, 0% used [0x00000000d7e80000,0x00000000d7e80000,0x00000000d8380000)
  to   space 5120K, 0% used [0x00000000d7980000,0x00000000d7980000,0x00000000d7e80000)
 ParOldGen       total 87552K, used 0K [0x0000000080a00000, 0x0000000085f80000, 0x00000000d5900000)
  object space 87552K, 0% used [0x0000000080a00000,0x0000000080a00000,0x0000000085f80000)
 Metaspace       used 9145K, capacity 9844K, committed 10112K, reserved 1058816K
  class space    used 1039K, capacity 1072K, committed 1152K, reserved 1048576K
Event: 0.523 GC heap after
Heap after GC invocations=1 (full 0):
 PSYoungGen      total 38400K, used 5094K [0x00000000d5900000, 0x00000000da400000, 0x0000000100000000)
  eden space 33280K, 0% used [0x00000000d5900000,0x00000000d5900000,0x00000000d7980000)
  from space 5120K, 99% used [0x00000000d7980000,0x00000000d7e79af8,0x00000000d7e80000)
  to   space 5120K, 0% used [0x00000000d9f00000,0x00000000d9f00000,0x00000000da400000)
 ParOldGen       total 87552K, used 3092K [0x0000000080a00000, 0x0000000085f80000, 0x00000000d5900000)
  object space 87552K, 3% used [0x0000000080a00000,0x0000000080d053f8,0x0000000085f80000)
 Metaspace       used 9145K, capacity 9844K, committed 10112K, reserved 1058816K
  class space    used 1039K, capacity 1072K, committed 1152K, reserved 1048576K
}
Event: 0.946 GC heap before
{Heap before GC invocations=2 (full 0):
 PSYoungGen      total 38400K, used 38374K [0x00000000d5900000, 0x00000000da400000, 0x0000000100000000)
  eden space 33280K, 100% used [0x00000000d5900000,0x00000000d7980000,0x00000000d7980000)
  from space 5120K, 99% used [0x00000000d7980000,0x00000000d7e79af8,0x00000000d7e80000)
  to   space 5120K, 0% used [0x00000000d9f00000,0x00000000d9f00000,0x00000000da400000)
 ParOldGen       total 87552K, used 3092K [0x0000000080a00000, 0x0000000085f80000, 0x00000000d5900000)
  object space 87552K, 3% used [0x0000000080a00000,0x0000000080d053f8,0x0000000085f80000)
 Metaspace       used 17861K, capacity 18184K, committed 18560K, reserved 1064960K
  class space    used 2278K, capacity 2370K, committed 2432K, reserved 1048576K
Event: 0.954 GC heap after
Heap after GC invocations=2 (full 0):
 PSYoungGen      total 71680K, used 5109K [0x00000000d5900000, 0x00000000da400000, 0x0000000100000000)
  eden space 66560K, 0% used [0x00000000d5900000,0x00000000d5900000,0x00000000d9a00000)
  from space 5120K, 99% used [0x00000000d9f00000,0x00000000da3fd600,0x00000000da400000)
  to   space 5120K, 0% used [0x00000000d9a00000,0x00000000d9a00000,0x00000000d9f00000)
 ParOldGen       total 87552K, used 8128K [0x0000000080a00000, 0x0000000085f80000, 0x00000000d5900000)
  object space 87552K, 9% used [0x0000000080a00000,0x00000000811f0168,0x0000000085f80000)
 Metaspace       used 17861K, capacity 18184K, committed 18560K, reserved 1064960K
  class space    used 2278K, capacity 2370K, committed 2432K, reserved 1048576K
}
Event: 1.223 GC heap before
{Heap before GC invocations=3 (full 0):
 PSYoungGen      total 71680K, used 31854K [0x00000000d5900000, 0x00000000da400000, 0x0000000100000000)
  eden space 66560K, 40% used [0x00000000d5900000,0x00000000d731e3b8,0x00000000d9a00000)
  from space 5120K, 99% used [0x00000000d9f00000,0x00000000da3fd600,0x00000000da400000)
  to   space 5120K, 0% used [0x00000000d9a00000,0x00000000d9a00000,0x00000000d9f00000)
 ParOldGen       total 87552K, used 8128K [0x0000000080a00000, 0x0000000085f80000, 0x00000000d5900000)
  object space 87552K, 9% used [0x0000000080a00000,0x00000000811f0168,0x0000000085f80000)
 Metaspace       used 20829K, capacity 21174K, committed 21248K, reserved 1067008K
  class space    used 2670K, capacity 2801K, committed 2816K, reserved 1048576K
Event: 1.234 GC heap after
Heap after GC invocations=3 (full 0):
 PSYoungGen      total 71680K, used 5103K [0x00000000d5900000, 0x00000000de500000, 0x0000000100000000)
  eden space 66560K, 0% used [0x00000000d5900000,0x00000000d5900000,0x00000000d9a00000)
  from space 5120K, 99% used [0x00000000d9a00000,0x00000000d9efbd88,0x00000000d9f00000)
  to   space 5120K, 0% used [0x00000000de000000,0x00000000de000000,0x00000000de500000)
 ParOldGen       total 87552K, used 13155K [0x0000000080a00000, 0x0000000085f80000, 0x00000000d5900000)
  object space 87552K, 15% used [0x0000000080a00000,0x00000000816d8c20,0x0000000085f80000)
 Metaspace       used 20829K, capacity 21174K, committed 21248K, reserved 1067008K
  class space    used 2670K, capacity 2801K, committed 2816K, reserved 1048576K
}
Event: 1.234 GC heap before
{Heap before GC invocations=4 (full 1):
 PSYoungGen      total 71680K, used 5103K [0x00000000d5900000, 0x00000000de500000, 0x0000000100000000)
  eden space 66560K, 0% used [0x00000000d5900000,0x00000000d5900000,0x00000000d9a00000)
  from space 5120K, 99% used [0x00000000d9a00000,0x00000000d9efbd88,0x00000000d9f00000)
  to   space 5120K, 0% used [0x00000000de000000,0x00000000de000000,0x00000000de500000)
 ParOldGen       total 87552K, used 13155K [0x0000000080a00000, 0x0000000085f80000, 0x00000000d5900000)
  object space 87552K, 15% used [0x0000000080a00000,0x00000000816d8c20,0x0000000085f80000)
 Metaspace       used 20829K, capacity 21174K, committed 21248K, reserved 1067008K
  class space    used 2670K, capacity 2801K, committed 2816K, reserved 1048576K
Event: 1.277 GC heap after
Heap after GC invocations=4 (full 1):
 PSYoungGen      total 71680K, used 0K [0x00000000d5900000, 0x00000000de500000, 0x0000000100000000)
  eden space 66560K, 0% used [0x00000000d5900000,0x00000000d5900000,0x00000000d9a00000)
  from space 5120K, 0% used [0x00000000d9a00000,0x00000000d9a00000,0x00000000d9f00000)
  to   space 5120K, 0% used [0x00000000de000000,0x00000000de000000,0x00000000de500000)
 ParOldGen       total 69632K, used 9955K [0x0000000080a00000, 0x0000000084e00000, 0x00000000d5900000)
  object space 69632K, 14% used [0x0000000080a00000,0x00000000813b8ec8,0x0000000084e00000)
 Metaspace       used 20829K, capacity 21174K, committed 21248K, reserved 1067008K
  class space    used 2670K, capacity 2801K, committed 2816K, reserved 1048576K
}

Deoptimization events (10 events):
Event: 1.078 Thread 0x00000000033e4800 Uncommon trap: reason=unstable_if action=reinterpret pc=0x0000000003650724 method=java.lang.String.<init>([CII)V @ 18
Event: 1.107 Thread 0x00000000033e4800 Uncommon trap: reason=unstable_if action=reinterpret pc=0x000000000374b4d0 method=java.lang.String.<init>([CII)V @ 18
Event: 1.334 Thread 0x00000000033e4800 Uncommon trap: reason=unstable_if action=reinterpret pc=0x00000000037b9adc method=java.lang.ref.ReferenceQueue.poll()Ljava/lang/ref/Reference; @ 4
Event: 1.478 Thread 0x00000000033e4800 Uncommon trap: reason=class_check action=maybe_recompile pc=0x00000000038ed24c method=org.jetbrains.kotlin.protobuf.CodedInputStream.tryRefillBuffer(I)Z @ 177
Event: 1.479 Thread 0x00000000033e4800 Uncommon trap: reason=class_check action=maybe_recompile pc=0x00000000038ed24c method=org.jetbrains.kotlin.protobuf.CodedInputStream.tryRefillBuffer(I)Z @ 177
Event: 1.481 Thread 0x00000000033e4800 Uncommon trap: reason=unstable_if action=reinterpret pc=0x00000000036b7c30 method=java.lang.String.startsWith(Ljava/lang/String;I)Z @ 25
Event: 1.481 Thread 0x00000000033e4800 Uncommon trap: reason=unstable_if action=reinterpret pc=0x00000000036228b8 method=java.lang.String.startsWith(Ljava/lang/String;I)Z @ 25
Event: 1.482 Thread 0x00000000033e4800 Uncommon trap: reason=class_check action=maybe_recompile pc=0x00000000038ed24c method=org.jetbrains.kotlin.protobuf.CodedInputStream.tryRefillBuffer(I)Z @ 177
Event: 1.482 Thread 0x00000000033e4800 Uncommon trap: reason=class_check action=maybe_recompile pc=0x00000000038ed24c method=org.jetbrains.kotlin.protobuf.CodedInputStream.tryRefillBuffer(I)Z @ 177
Event: 1.536 Thread 0x00000000033e4800 Uncommon trap: reason=unstable_if action=reinterpret pc=0x000000000389be58 method=org.jetbrains.kotlin.com.intellij.util.SmartList.get(I)Ljava/lang/Object; @ 56

Classes redefined (0 events):
No events

Internal exceptions (10 events):
Event: 0.229 Thread 0x00000000033e4800 Exception <a 'java/security/PrivilegedActionException'> (0x00000000d6350cb8) thrown at [D:\src\AOSP-openjdk-cygwin\jdk8u\hotspot\src\share\vm\prims\jvm.cpp, line 1390]
Event: 0.230 Thread 0x00000000033e4800 Exception <a 'java/security/PrivilegedActionException'> (0x00000000d63525c0) thrown at [D:\src\AOSP-openjdk-cygwin\jdk8u\hotspot\src\share\vm\prims\jvm.cpp, line 1390]
Event: 0.230 Thread 0x00000000033e4800 Exception <a 'java/security/PrivilegedActionException'> (0x00000000d63529b8) thrown at [D:\src\AOSP-openjdk-cygwin\jdk8u\hotspot\src\share\vm\prims\jvm.cpp, line 1390]
Event: 0.437 Thread 0x00000000033e4800 Exception <a 'java/lang/ArrayIndexOutOfBoundsException': 18> (0x00000000d73630c0) thrown at [D:\src\AOSP-openjdk-cygwin\jdk8u\hotspot\src\share\vm\interpreter\interpreterRuntime.cpp, line 366]
Event: 0.647 Thread 0x00000000033e4800 Exception <a 'java/lang/NoSuchFieldError': method resolution failed> (0x00000000d6243608) thrown at [D:\src\AOSP-openjdk-cygwin\jdk8u\hotspot\src\share\vm\prims\methodHandles.cpp, line 1167]
Event: 0.649 Thread 0x00000000033e4800 Exception <a 'java/lang/NoSuchFieldError': method resolution failed> (0x00000000d6250b10) thrown at [D:\src\AOSP-openjdk-cygwin\jdk8u\hotspot\src\share\vm\prims\methodHandles.cpp, line 1167]
Event: 0.761 Thread 0x00000000033e4800 Implicit null exception at 0x00000000037129af to 0x0000000003712a19
Event: 0.804 Thread 0x00000000033e4800 Exception <a 'java/lang/NoSuchMethodError': java.lang.Object.lambda$comparing$77a9974f$1(Ljava/util/function/Function;Ljava/lang/Object;Ljava/lang/Object;)I> (0x00000000d6e34bd0) thrown at [D:\src\AOSP-openjdk-cygwin\jdk8u\hotspot\src\share\vm\interpreter
Event: 0.977 Thread 0x00000000033e4800 Exception <a 'java/lang/NoSuchMethodError': java.lang.Object.lambda$static$0(I)[Lorg/jetbrains/kotlin/com/intellij/openapi/editor/event/DocumentListener;> (0x00000000d5ae9d90) thrown at [D:\src\AOSP-openjdk-cygwin\jdk8u\hotspot\src\share\vm\interpreter\li
Event: 0.998 Thread 0x00000000033e4800 Exception <a 'java/lang/NoSuchMethodError': java.lang.Object.lambda$static$0(I)[Lorg/jetbrains/kotlin/com/intellij/psi/PsiAnnotation;> (0x00000000d5d343c0) thrown at [D:\src\AOSP-openjdk-cygwin\jdk8u\hotspot\src\share\vm\interpreter\linkResolver.cpp, line

Events (10 events):
Event: 1.774 loading class org/jetbrains/kotlin/serialization/jvm/JvmProtoBuf$JvmPropertySignatureOrBuilder
Event: 1.774 loading class org/jetbrains/kotlin/serialization/jvm/JvmProtoBuf$JvmPropertySignatureOrBuilder done
Event: 1.774 loading class org/jetbrains/kotlin/serialization/jvm/JvmProtoBuf$JvmPropertySignature$1
Event: 1.774 loading class org/jetbrains/kotlin/serialization/jvm/JvmProtoBuf$JvmPropertySignature$1 done
Event: 1.774 loading class org/jetbrains/kotlin/serialization/jvm/JvmProtoBuf$JvmFieldSignature
Event: 1.774 loading class org/jetbrains/kotlin/serialization/jvm/JvmProtoBuf$JvmFieldSignature done
Event: 1.775 loading class org/jetbrains/kotlin/serialization/jvm/JvmProtoBuf$JvmFieldSignatureOrBuilder
Event: 1.775 loading class org/jetbrains/kotlin/serialization/jvm/JvmProtoBuf$JvmFieldSignatureOrBuilder done
Event: 1.775 loading class org/jetbrains/kotlin/serialization/jvm/JvmProtoBuf$JvmFieldSignature$1
Event: 1.775 loading class org/jetbrains/kotlin/serialization/jvm/JvmProtoBuf$JvmFieldSignature$1 done


Dynamic libraries:
0x00007ff759840000 - 0x00007ff759871000 	D:\Program Files\Android\Android Studio\jre\jre\bin\java.exe
0x00007fff8b820000 - 0x00007fff8ba01000 	C:\WINDOWS\SYSTEM32\ntdll.dll
0x00007fff8ac10000 - 0x00007fff8acc2000 	C:\WINDOWS\System32\KERNEL32.DLL
0x00007fff87fe0000 - 0x00007fff88253000 	C:\WINDOWS\System32\KERNELBASE.dll
0x00007fff8b4b0000 - 0x00007fff8b551000 	C:\WINDOWS\System32\ADVAPI32.dll
0x00007fff8ae50000 - 0x00007fff8aeee000 	C:\WINDOWS\System32\msvcrt.dll
0x00007fff8af20000 - 0x00007fff8af7b000 	C:\WINDOWS\System32\sechost.dll
0x00007fff8b560000 - 0x00007fff8b684000 	C:\WINDOWS\System32\RPCRT4.dll
0x00007fff88cb0000 - 0x00007fff88e40000 	C:\WINDOWS\System32\USER32.dll
0x00007fff87f10000 - 0x00007fff87f30000 	C:\WINDOWS\System32\win32u.dll
0x00007fff8aef0000 - 0x00007fff8af18000 	C:\WINDOWS\System32\GDI32.dll
0x00007fff87c70000 - 0x00007fff87e02000 	C:\WINDOWS\System32\gdi32full.dll
0x00007fff88260000 - 0x00007fff882ff000 	C:\WINDOWS\System32\msvcp_win.dll
0x00007fff87e10000 - 0x00007fff87f0a000 	C:\WINDOWS\System32\ucrtbase.dll
0x00007fff7dd50000 - 0x00007fff7dfb9000 	C:\WINDOWS\WinSxS\amd64_microsoft.windows.common-controls_6595b64144ccf1df_6.0.17134.48_none_b4b2216a3cb4dd3e\COMCTL32.dll
0x00007fff88e40000 - 0x00007fff89163000 	C:\WINDOWS\System32\combase.dll
0x00007fff87bf0000 - 0x00007fff87c6a000 	C:\WINDOWS\System32\bcryptPrimitives.dll
0x00007fff8b480000 - 0x00007fff8b4ad000 	C:\WINDOWS\System32\IMM32.DLL
0x0000000073520000 - 0x00000000735f2000 	D:\Program Files\Android\Android Studio\jre\jre\bin\msvcr100.dll
0x00000000736e0000 - 0x0000000073f1f000 	D:\Program Files\Android\Android Studio\jre\jre\bin\server\jvm.dll
0x00007fff8acf0000 - 0x00007fff8acf8000 	C:\WINDOWS\System32\PSAPI.DLL
0x00007fff85ca0000 - 0x00007fff85cc3000 	C:\WINDOWS\SYSTEM32\WINMM.dll
0x00007fff84bb0000 - 0x00007fff84bb9000 	C:\WINDOWS\SYSTEM32\WSOCK32.dll
0x00007fff82ef0000 - 0x00007fff82efa000 	C:\WINDOWS\SYSTEM32\VERSION.dll
0x00007fff8ade0000 - 0x00007fff8ae4c000 	C:\WINDOWS\System32\WS2_32.dll
0x00007fff85c70000 - 0x00007fff85c9a000 	C:\WINDOWS\SYSTEM32\winmmbase.dll
0x00007fff88c00000 - 0x00007fff88c49000 	C:\WINDOWS\System32\cfgmgr32.dll
0x00007fff83960000 - 0x00007fff8396f000 	D:\Program Files\Android\Android Studio\jre\jre\bin\verify.dll
0x00007fff754b0000 - 0x00007fff754d9000 	D:\Program Files\Android\Android Studio\jre\jre\bin\java.dll
0x00007fff77b10000 - 0x00007fff77b26000 	D:\Program Files\Android\Android Studio\jre\jre\bin\zip.dll
0x00007fff89770000 - 0x00007fff8abb0000 	C:\WINDOWS\System32\SHELL32.dll
0x00007fff8b3d0000 - 0x00007fff8b479000 	C:\WINDOWS\System32\shcore.dll
0x00007fff884f0000 - 0x00007fff88bfd000 	C:\WINDOWS\System32\windows.storage.dll
0x00007fff8abb0000 - 0x00007fff8ac01000 	C:\WINDOWS\System32\shlwapi.dll
0x00007fff87bb0000 - 0x00007fff87bc1000 	C:\WINDOWS\System32\kernel.appcore.dll
0x00007fff87bd0000 - 0x00007fff87bef000 	C:\WINDOWS\System32\profapi.dll
0x00007fff87b40000 - 0x00007fff87b8c000 	C:\WINDOWS\System32\powrprof.dll
0x00007fff87b30000 - 0x00007fff87b3a000 	C:\WINDOWS\System32\FLTLIB.DLL
0x00007fff752f0000 - 0x00007fff7530a000 	D:\Program Files\Android\Android Studio\jre\jre\bin\net.dll
0x00007fff873b0000 - 0x00007fff87416000 	C:\WINDOWS\system32\mswsock.dll
0x00007fff752d0000 - 0x00007fff752e1000 	D:\Program Files\Android\Android Studio\jre\jre\bin\nio.dll

VM Arguments:
java_command: org.jetbrains.kotlin.cli.jvm.K2JVMCompiler -Xadd-compiler-builtins -Xbuild-file=C:\Users\LUXIR\AppData\Local\Temp\kjps1923437486922973343app_debug.script.xml -classpath C:\Users\LUXIR\.gradle\caches\modules-2\files-2.1\org.jetbrains.kotlin\kotlin-stdlib-jre7\1.2.30\b38fc19e670ebef931fef3ccdcb94eac2b65bb7d\kotlin-stdlib-jre7-1.2.30.jar;C:\Users\LUXIR\.gradle\caches\transforms-1\files-1.1\appcompat-v7-26.1.0.aar\1c1558f274102e8ff746fc23c2d4441e\jars\classes.jar;C:\Users\LUXIR\.gradle\caches\transforms-1\files-1.1\constraint-layout-1.1.0.aar\8b07f551b6ec2e91d9a333a31a789ed8\jars\classes.jar;C:\Users\LUXIR\.gradle\caches\transforms-1\files-1.1\butterknife-8.8.1.aar\01f8c7dd1feaefb82704447b8bc6787c\jars\classes.jar;C:\Users\LUXIR\.gradle\caches\modules-2\files-2.1\com.googlecode.android-query\android-query\0.25.9\fff82e4e1e56b60d6eb1d5487dbd3d3b526b635f\android-query-0.25.9.jar;C:\Users\LUXIR\.gradle\caches\transforms-1\files-1.1\play-services-maps-15.0.1.aar\92e97096546a7035274c321a6698a444\jars\classes.jar;C:\Users\LUXIR\.gradle\caches\transforms-1\files-1.1\play-services-location-15.0.1.aar\d9712e8e9b81d126c0c60e7adccaf209\jars\classes.jar;C:\Users\LUXIR\.gradle\caches\modules-2\files-2.1\org.jetbrains.kotlin\kotlin-stdlib\1.2.30\2dfac33f8b4e92c9dd1422cd286834701a6f6d6\kotlin-stdlib-1.2.30.jar;C:\Users\LUXIR\.gradle\caches\transforms-1\files-1.1\animated-vector-drawable-26.1.0.aar\a584c5503b68ac3a1e831871a910a358\jars\classes.jar;C:\Users\LUXIR\.gradle\caches\transforms-1\files-1.1\support-vector-drawable-26.1.0.aar\58c39a632d28b6a27495bd417d2df0b8\jars\classes.jar;C:\Users\LUXIR\.gradle\caches\modules-2\files-2.1\com.jakewharton\butterknife-annotations\8.8.1\bc373fb6bc7bca3035041b924f158fd2b946ee8d\butterknife-annotations-8.8.1.jar;C:\Users\LUXIR\.gradle\caches\transforms-1\files-1.1\play-services-base-15.0.1.aar\65156dde0375515675a7fc822219b5ca\jars\classes.jar;C:\Users\LUXIR\.gradle\caches\transforms-1\files-1.1\play-services-places-placereport-15.0
java_class_path (initial): C:\Users\LUXIR\.gradle\caches\modules-2\files-2.1\org.jetbrains.kotlin\kotlin-compiler-embeddable\1.2.30\9b3f10d4717b9ac238b287e9b6eb2b4eadd8e870\kotlin-compiler-embeddable-1.2.30.jar;C:\Users\LUXIR\.gradle\caches\modules-2\files-2.1\org.jetbrains.kotlin\kotlin-stdlib\1.2.30\2dfac33f8b4e92c9dd1422cd286834701a6f6d6\kotlin-stdlib-1.2.30.jar;C:\Users\LUXIR\.gradle\caches\modules-2\files-2.1\org.jetbrains.kotlin\kotlin-script-runtime\1.2.30\37ee7531a636e99b639f8b1544cdda27d0ee30b0\kotlin-script-runtime-1.2.30.jar;C:\Users\LUXIR\.gradle\caches\modules-2\files-2.1\org.jetbrains.kotlin\kotlin-reflect\1.2.30\9758025a415ee400e1f90ff222bcfec247779133\kotlin-reflect-1.2.30.jar;D:\Program Files\Android\Android Studio\jre\lib\tools.jar
Launcher Type: SUN_STANDARD

Environment Variables:
PATH=D:\Program Files\NVIDIA GPU Computing Toolkit\CUDA\v8.0\bin;D:\Program Files\NVIDIA GPU Computing Toolkit\CUDA\v8.0\libnvvp;D:\Program Files (x86)\Python35\;D:\Program Files (x86)\Python35\Scripts;C:\Windows\system32;C:\Windows;C:\Windows\System32\Wbem;C:\Windows\System32\WindowsPowerShell\v1.0\;C:\Program Files (x86)\NVIDIA Corporation\PhysX\Common;C:\Program Files\Microsoft SQL Server\130\Tools\Binn\;D:\Program Files\PuTTY\;C:\Program Files (x86)\GtkSharp\2.12\bin;D:\Program Files (x86)\opencv\build\x64\vc14\bin\;C:\Program Files (x86)\Xoreax\IncrediBuild;C:\WINDOWS\system32;C:\WINDOWS;C:\WINDOWS\System32\Wbem;C:\WINDOWS\System32\WindowsPowerShell\v1.0\;C:\Program Files (x86)\Skype\Phone\;D:\Program Files\TortoiseSVN\bin;D:\Program Files\Java\jdk-9.0.1\bin;C:\WINDOWS\system32;C:\WINDOWS;C:\WINDOWS\System32\Wbem;C:\WINDOWS\System32\WindowsPowerShell\v1.0\;D:\Program Files\Git\cmd;C:\WINDOWS\System32\OpenSSH\;C:\Users\LUXIR\AppData\Local\Microsoft\WindowsApps;;C:\Program Files (x86)\ESTsoft\ALSee\x64
USERNAME=LUXIR
OS=Windows_NT
PROCESSOR_IDENTIFIER=AMD64 Family 23 Model 1 Stepping 1, AuthenticAMD



---------------  S Y S T E M  ---------------

OS: Windows 10.0 , 64 bit Build 17134 (10.0.17134.1)

CPU:total 8 (initial active 8) (8 cores per cpu, 1 threads per core) family 23 model 1 stepping 1, cmov, cx8, fxsr, mmx, sse, sse2, sse3, ssse3, sse4.1, sse4.2, popcnt, avx, avx2, aes, clmul, mmxext, 3dnowpref, lzcnt, sse4a, tsc, tscinvbit, tscinv, bmi1

Memory: 4k page, physical 8340564k(1097680k free), swap 8340564k(6736k free)

vm_info: OpenJDK 64-Bit Server VM (25.152-b02) for windows-amd64 JRE (1.8.0_152-release-1024-b02), built by "builder" with MS VC++ 10.0 (VS2010)

time: Mon May 28 18:06:15 2018
elapsed time: 1 seconds (0d 0h 0m 1s)

