#
# There is insufficient memory for the Java Runtime Environment to continue.
# Native memory allocation (malloc) failed to allocate 230256 bytes for Chunk::new
# Possible reasons:
#   The system is out of physical RAM or swap space
#   In 32 bit mode, the process size limit was hit
# Possible solutions:
#   Reduce memory load on the system
#   Increase physical memory or swap space
#   Check if swap backing store is full
#   Use 64 bit Java on a 64 bit OS
#   Decrease Java heap size (-Xmx/-Xms)
#   Decrease number of Java threads
#   Decrease Java thread stack sizes (-Xss)
#   Set larger code cache with -XX:ReservedCodeCacheSize=
# This output file may be truncated or incomplete.
#
#  Out of Memory Error (allocation.cpp:390), pid=22320, tid=0x0000000000001260
#
# JRE version: OpenJDK Runtime Environment (8.0_152-b02) (build 1.8.0_152-release-1024-b02)
# Java VM: OpenJDK 64-Bit Server VM (25.152-b02 mixed mode windows-amd64 compressed oops)
# Failed to write core dump. Minidumps are not enabled by default on client versions of Windows
#

---------------  T H R E A D  ---------------

Current thread (0x00000000194d0800):  JavaThread "C2 CompilerThread0" daemon [_thread_in_native, id=4704, stack(0x0000000019b40000,0x0000000019c40000)]

Stack: [0x0000000019b40000,0x0000000019c40000]
[error occurred during error reporting (printing stack bounds), id 0xc0000005]

Native frames: (J=compiled Java code, j=interpreted, Vv=VM code, C=native code)


Current CompileTask:
C2:   7573 3798       4       org.jetbrains.kotlin.com.intellij.lang.impl.MarkerProduction::dropMarker (48 bytes)


---------------  P R O C E S S  ---------------

Java Threads: ( => current thread )
  0x000000001a396000 JavaThread "RMI RenewClean-[localhost:63451,org.jetbrains.kotlin.daemon.common.LoopbackNetworkInterface$ClientLoopbackSocketFactory@325b07dd]" daemon [_thread_blocked, id=11208, stack(0x000000001b420000,0x000000001b520000)]
  0x000000001a3a9800 JavaThread "RMI TCP Connection(2)-127.0.0.1" daemon [_thread_in_native, id=16964, stack(0x000000001b320000,0x000000001b420000)]
  0x000000001a3b2000 JavaThread "RMI Scheduler(0)" daemon [_thread_blocked, id=19472, stack(0x000000001b220000,0x000000001b320000)]
  0x000000001a2fe000 JavaThread "RMI TCP Connection(1)-127.0.0.1" daemon [_thread_in_native, id=22960, stack(0x000000001b120000,0x000000001b220000)]
  0x00000000036c3800 JavaThread "DestroyJavaVM" [_thread_blocked, id=2960, stack(0x00000000034c0000,0x00000000035c0000)]
  0x000000001a34c000 JavaThread "GC Daemon" daemon [_thread_blocked, id=7164, stack(0x000000001ad40000,0x000000001ae40000)]
  0x000000001a34b800 JavaThread "RMI Reaper" [_thread_blocked, id=20740, stack(0x000000001ac40000,0x000000001ad40000)]
  0x000000001a2ed800 JavaThread "Timer-0" daemon [_thread_blocked, id=2460, stack(0x000000001aa40000,0x000000001ab40000)]
  0x000000001a2e9000 JavaThread "RMI TCP Accept-17196" daemon [_thread_in_native, id=8488, stack(0x000000001a940000,0x000000001aa40000)]
  0x0000000019566800 JavaThread "Service Thread" daemon [_thread_blocked, id=18568, stack(0x0000000019f40000,0x000000001a040000)]
  0x00000000194da800 JavaThread "C1 CompilerThread3" daemon [_thread_blocked, id=12768, stack(0x0000000019e40000,0x0000000019f40000)]
  0x00000000194d4800 JavaThread "C2 CompilerThread2" daemon [_thread_in_native, id=14876, stack(0x0000000019d40000,0x0000000019e40000)]
  0x00000000194d3800 JavaThread "C2 CompilerThread1" daemon [_thread_in_native, id=5248, stack(0x0000000019c40000,0x0000000019d40000)]
=>0x00000000194d0800 JavaThread "C2 CompilerThread0" daemon [_thread_in_native, id=4704, stack(0x0000000019b40000,0x0000000019c40000)]
  0x000000001947a800 JavaThread "Attach Listener" daemon [_thread_blocked, id=4104, stack(0x0000000019a40000,0x0000000019b40000)]
  0x000000001947a000 JavaThread "Signal Dispatcher" daemon [_thread_blocked, id=21752, stack(0x0000000019940000,0x0000000019a40000)]
  0x0000000019460800 JavaThread "Finalizer" daemon [_thread_blocked, id=22812, stack(0x0000000019840000,0x0000000019940000)]
  0x00000000037b7000 JavaThread "Reference Handler" daemon [_thread_blocked, id=22496, stack(0x0000000019340000,0x0000000019440000)]

Other Threads:
  0x0000000017576000 VMThread [stack: 0x0000000019240000,0x0000000019340000] [id=23304]
  0x0000000019567800 WatcherThread [stack: 0x000000001a040000,0x000000001a140000] [id=20192]

VM state:not at safepoint (normal execution)

VM Mutex/Monitor currently owned by a thread: None

Heap:
 PSYoungGen      total 91648K, used 2657K [0x00000000e0000000, 0x00000000e9380000, 0x0000000100000000)
  eden space 73728K, 3% used [0x00000000e0000000,0x00000000e0298568,0x00000000e4800000)
  from space 17920K, 0% used [0x00000000e4800000,0x00000000e4800000,0x00000000e5980000)
  to   space 5120K, 0% used [0x00000000e5980000,0x00000000e5980000,0x00000000e5e80000)
 ParOldGen       total 60416K, used 29976K [0x00000000a0000000, 0x00000000a3b00000, 0x00000000e0000000)
  object space 60416K, 49% used [0x00000000a0000000,0x00000000a1d46168,0x00000000a3b00000)
 Metaspace       used 42476K, capacity 43251K, committed 43776K, reserved 1097728K
  class space    used 5381K, capacity 5581K, committed 5632K, reserved 1048576K

Card table byte_map: [0x0000000012b80000,0x0000000012e90000] byte_map_base: 0x0000000012680000

Marking Bits: (ParMarkBitMap*) 0x0000000073ea4970
 Begin Bits: [0x0000000013890000, 0x0000000015090000)
 End Bits:   [0x0000000015090000, 0x0000000016890000)

Polling page: 0x00000000018f0000

CodeCache: size=245760Kb used=11460Kb max_used=11870Kb free=234299Kb
 bounds [0x00000000037c0000, 0x0000000004370000, 0x00000000127c0000]
 total_blobs=4210 nmethods=3722 adapters=400
 compilation: enabled

Compilation events (10 events):
Event: 7.170 Thread 0x00000000194da800 3781       3       org.jetbrains.kotlin.com.intellij.lang.java.parser.DeclarationParser::eatBrackets (154 bytes)
Event: 7.171 Thread 0x00000000194da800 nmethod 3781 0x0000000004324dd0 code [0x0000000004325160, 0x0000000004326b48]
Event: 7.171 Thread 0x00000000194da800 3785       3       org.jetbrains.kotlin.com.intellij.lang.java.parser.JavaParser::getExpressionParser (13 bytes)
Event: 7.171 Thread 0x00000000194da800 nmethod 3785 0x0000000004317f90 code [0x0000000004318100, 0x00000000043182c8]
Event: 7.171 Thread 0x00000000194da800 3799       3       org.jetbrains.kotlin.com.intellij.lang.java.parser.ExpressionParser$$Lambda$90/50698973::fun (12 bytes)
Event: 7.171 Thread 0x00000000194da800 nmethod 3799 0x000000000431c090 code [0x000000000431c220, 0x000000000431c688]
Event: 7.171 Thread 0x00000000194da800 3801       3       org.jetbrains.kotlin.com.intellij.lang.java.parser.ExpressionParser::lambda$parseArrayInitializer$0 (17 bytes)
Event: 7.172 Thread 0x00000000194da800 nmethod 3801 0x000000000431bad0 code [0x000000000431bc60, 0x000000000431bf68]
Event: 7.172 Thread 0x00000000194da800 3821       3       java.lang.invoke.MethodHandleNatives::findMethodHandleType (7 bytes)
Event: 7.172 Thread 0x00000000194da800 nmethod 3821 0x0000000004317bd0 code [0x0000000004317d40, 0x0000000004317ea8]

GC Heap History (10 events):
Event: 4.936 GC heap before
{Heap before GC invocations=6 (full 2):
 PSYoungGen      total 38400K, used 33280K [0x00000000e0000000, 0x00000000e4b00000, 0x0000000100000000)
  eden space 33280K, 100% used [0x00000000e0000000,0x00000000e2080000,0x00000000e2080000)
  from space 5120K, 0% used [0x00000000e2080000,0x00000000e2080000,0x00000000e2580000)
  to   space 5120K, 0% used [0x00000000e4600000,0x00000000e4600000,0x00000000e4b00000)
 ParOldGen       total 60416K, used 10215K [0x00000000a0000000, 0x00000000a3b00000, 0x00000000e0000000)
  object space 60416K, 16% used [0x00000000a0000000,0x00000000a09f9da0,0x00000000a3b00000)
 Metaspace       used 24887K, capacity 25408K, committed 25600K, reserved 1071104K
  class space    used 3161K, capacity 3314K, committed 3328K, reserved 1048576K
Event: 4.946 GC heap after
Heap after GC invocations=6 (full 2):
 PSYoungGen      total 59392K, used 5110K [0x00000000e0000000, 0x00000000e4b00000, 0x0000000100000000)
  eden space 54272K, 0% used [0x00000000e0000000,0x00000000e0000000,0x00000000e3500000)
  from space 5120K, 99% used [0x00000000e4600000,0x00000000e4afdbc8,0x00000000e4b00000)
  to   space 5120K, 0% used [0x00000000e4100000,0x00000000e4100000,0x00000000e4600000)
 ParOldGen       total 60416K, used 12351K [0x00000000a0000000, 0x00000000a3b00000, 0x00000000e0000000)
  object space 60416K, 20% used [0x00000000a0000000,0x00000000a0c0ff70,0x00000000a3b00000)
 Metaspace       used 24887K, capacity 25408K, committed 25600K, reserved 1071104K
  class space    used 3161K, capacity 3314K, committed 3328K, reserved 1048576K
}
Event: 6.122 GC heap before
{Heap before GC invocations=7 (full 2):
 PSYoungGen      total 59392K, used 59382K [0x00000000e0000000, 0x00000000e4b00000, 0x0000000100000000)
  eden space 54272K, 100% used [0x00000000e0000000,0x00000000e3500000,0x00000000e3500000)
  from space 5120K, 99% used [0x00000000e4600000,0x00000000e4afdbc8,0x00000000e4b00000)
  to   space 5120K, 0% used [0x00000000e4100000,0x00000000e4100000,0x00000000e4600000)
 ParOldGen       total 60416K, used 12351K [0x00000000a0000000, 0x00000000a3b00000, 0x00000000e0000000)
  object space 60416K, 20% used [0x00000000a0000000,0x00000000a0c0ff70,0x00000000a3b00000)
 Metaspace       used 34442K, capacity 34990K, committed 35200K, reserved 1079296K
  class space    used 4330K, capacity 4463K, committed 4480K, reserved 1048576K
Event: 6.139 GC heap after
Heap after GC invocations=7 (full 2):
 PSYoungGen      total 71680K, used 5100K [0x00000000e0000000, 0x00000000e5e80000, 0x0000000100000000)
  eden space 66560K, 0% used [0x00000000e0000000,0x00000000e0000000,0x00000000e4100000)
  from space 5120K, 99% used [0x00000000e4100000,0x00000000e45fb178,0x00000000e4600000)
  to   space 5120K, 0% used [0x00000000e5980000,0x00000000e5980000,0x00000000e5e80000)
 ParOldGen       total 60416K, used 26054K [0x00000000a0000000, 0x00000000a3b00000, 0x00000000e0000000)
  object space 60416K, 43% used [0x00000000a0000000,0x00000000a1971918,0x00000000a3b00000)
 Metaspace       used 34442K, capacity 34990K, committed 35200K, reserved 1079296K
  class space    used 4330K, capacity 4463K, committed 4480K, reserved 1048576K
}
Event: 6.181 GC heap before
{Heap before GC invocations=8 (full 2):
 PSYoungGen      total 71680K, used 8137K [0x00000000e0000000, 0x00000000e5e80000, 0x0000000100000000)
  eden space 66560K, 4% used [0x00000000e0000000,0x00000000e02f7350,0x00000000e4100000)
  from space 5120K, 99% used [0x00000000e4100000,0x00000000e45fb178,0x00000000e4600000)
  to   space 5120K, 0% used [0x00000000e5980000,0x00000000e5980000,0x00000000e5e80000)
 ParOldGen       total 60416K, used 26054K [0x00000000a0000000, 0x00000000a3b00000, 0x00000000e0000000)
  object space 60416K, 43% used [0x00000000a0000000,0x00000000a1971918,0x00000000a3b00000)
 Metaspace       used 34696K, capacity 35192K, committed 35456K, reserved 1081344K
  class space    used 4352K, capacity 4466K, committed 4480K, reserved 1048576K
Event: 6.186 GC heap after
Heap after GC invocations=8 (full 2):
 PSYoungGen      total 78848K, used 5097K [0x00000000e0000000, 0x00000000e9380000, 0x0000000100000000)
  eden space 73728K, 0% used [0x00000000e0000000,0x00000000e0000000,0x00000000e4800000)
  from space 5120K, 99% used [0x00000000e5980000,0x00000000e5e7a490,0x00000000e5e80000)
  to   space 17920K, 0% used [0x00000000e4800000,0x00000000e4800000,0x00000000e5980000)
 ParOldGen       total 60416K, used 26636K [0x00000000a0000000, 0x00000000a3b00000, 0x00000000e0000000)
  object space 60416K, 44% used [0x00000000a0000000,0x00000000a1a03078,0x00000000a3b00000)
 Metaspace       used 34696K, capacity 35192K, committed 35456K, reserved 1081344K
  class space    used 4352K, capacity 4466K, committed 4480K, reserved 1048576K
}
Event: 6.186 GC heap before
{Heap before GC invocations=9 (full 3):
 PSYoungGen      total 78848K, used 5097K [0x00000000e0000000, 0x00000000e9380000, 0x0000000100000000)
  eden space 73728K, 0% used [0x00000000e0000000,0x00000000e0000000,0x00000000e4800000)
  from space 5120K, 99% used [0x00000000e5980000,0x00000000e5e7a490,0x00000000e5e80000)
  to   space 17920K, 0% used [0x00000000e4800000,0x00000000e4800000,0x00000000e5980000)
 ParOldGen       total 60416K, used 26636K [0x00000000a0000000, 0x00000000a3b00000, 0x00000000e0000000)
  object space 60416K, 44% used [0x00000000a0000000,0x00000000a1a03078,0x00000000a3b00000)
 Metaspace       used 34696K, capacity 35192K, committed 35456K, reserved 1081344K
  class space    used 4352K, capacity 4466K, committed 4480K, reserved 1048576K
Event: 6.236 GC heap after
Heap after GC invocations=9 (full 3):
 PSYoungGen      total 78848K, used 0K [0x00000000e0000000, 0x00000000e9380000, 0x0000000100000000)
  eden space 73728K, 0% used [0x00000000e0000000,0x00000000e0000000,0x00000000e4800000)
  from space 5120K, 0% used [0x00000000e5980000,0x00000000e5980000,0x00000000e5e80000)
  to   space 17920K, 0% used [0x00000000e4800000,0x00000000e4800000,0x00000000e5980000)
 ParOldGen       total 60416K, used 13291K [0x00000000a0000000, 0x00000000a3b00000, 0x00000000e0000000)
  object space 60416K, 22% used [0x00000000a0000000,0x00000000a0cfaf08,0x00000000a3b00000)
 Metaspace       used 34696K, capacity 35192K, committed 35456K, reserved 1081344K
  class space    used 4352K, capacity 4466K, committed 4480K, reserved 1048576K
}
Event: 7.054 GC heap before
{Heap before GC invocations=10 (full 3):
 PSYoungGen      total 78848K, used 73250K [0x00000000e0000000, 0x00000000e9380000, 0x0000000100000000)
  eden space 73728K, 99% used [0x00000000e0000000,0x00000000e4788b58,0x00000000e4800000)
  from space 5120K, 0% used [0x00000000e5980000,0x00000000e5980000,0x00000000e5e80000)
  to   space 17920K, 0% used [0x00000000e4800000,0x00000000e4800000,0x00000000e5980000)
 ParOldGen       total 60416K, used 13291K [0x00000000a0000000, 0x00000000a3b00000, 0x00000000e0000000)
  object space 60416K, 22% used [0x00000000a0000000,0x00000000a0cfaf08,0x00000000a3b00000)
 Metaspace       used 40146K, capacity 40826K, committed 41216K, reserved 1085440K
  class space    used 5099K, capacity 5261K, committed 5376K, reserved 1048576K
Event: 7.069 GC heap after
Heap after GC invocations=10 (full 3):
 PSYoungGen      total 91648K, used 17889K [0x00000000e0000000, 0x00000000e9380000, 0x0000000100000000)
  eden space 73728K, 0% used [0x00000000e0000000,0x00000000e0000000,0x00000000e4800000)
  from space 17920K, 99% used [0x00000000e4800000,0x00000000e5978740,0x00000000e5980000)
  to   space 5120K, 0% used [0x00000000e5980000,0x00000000e5980000,0x00000000e5e80000)
 ParOldGen       total 60416K, used 15253K [0x00000000a0000000, 0x00000000a3b00000, 0x00000000e0000000)
  object space 60416K, 25% used [0x00000000a0000000,0x00000000a0ee5778,0x00000000a3b00000)
 Metaspace       used 40146K, capacity 40826K, committed 41216K, reserved 1085440K
  class space    used 5099K, capacity 5261K, committed 5376K, reserved 1048576K
}

Deoptimization events (10 events):
Event: 7.102 Thread 0x000000001a3a9800 Uncommon trap: reason=unstable_if action=reinterpret pc=0x00000000042bd7ec method=org.jetbrains.kotlin.com.intellij.lang.java.lexer.JavaLexer.getWhitespaces(I)I @ 57
Event: 7.114 Thread 0x000000001a3a9800 Uncommon trap: reason=class_check action=maybe_recompile pc=0x0000000003dec310 method=org.jetbrains.kotlin.com.intellij.lang.impl.PsiBuilderAdapter.getTokenType()Lorg/jetbrains/kotlin/com/intellij/psi/tree/IElementType; @ 4
Event: 7.114 Thread 0x000000001a3a9800 Uncommon trap: reason=class_check action=maybe_recompile pc=0x0000000003dec310 method=org.jetbrains.kotlin.com.intellij.lang.impl.PsiBuilderAdapter.getTokenType()Lorg/jetbrains/kotlin/com/intellij/psi/tree/IElementType; @ 4
Event: 7.114 Thread 0x000000001a3a9800 Uncommon trap: reason=class_check action=maybe_recompile pc=0x0000000003ea3038 method=org.jetbrains.kotlin.com.intellij.lang.impl.PsiBuilderAdapter.mark()Lorg/jetbrains/kotlin/com/intellij/lang/PsiBuilder$Marker; @ 4
Event: 7.114 Thread 0x000000001a3a9800 Uncommon trap: reason=class_check action=maybe_recompile pc=0x0000000003ea3038 method=org.jetbrains.kotlin.com.intellij.lang.impl.PsiBuilderAdapter.mark()Lorg/jetbrains/kotlin/com/intellij/lang/PsiBuilder$Marker; @ 4
Event: 7.115 Thread 0x000000001a3a9800 Uncommon trap: reason=class_check action=maybe_recompile pc=0x0000000003dec310 method=org.jetbrains.kotlin.com.intellij.lang.impl.PsiBuilderAdapter.getTokenType()Lorg/jetbrains/kotlin/com/intellij/psi/tree/IElementType; @ 4
Event: 7.115 Thread 0x000000001a3a9800 Uncommon trap: reason=class_check action=maybe_recompile pc=0x0000000003dec310 method=org.jetbrains.kotlin.com.intellij.lang.impl.PsiBuilderAdapter.getTokenType()Lorg/jetbrains/kotlin/com/intellij/psi/tree/IElementType; @ 4
Event: 7.115 Thread 0x000000001a3a9800 Uncommon trap: reason=class_check action=maybe_recompile pc=0x0000000003ea3038 method=org.jetbrains.kotlin.com.intellij.lang.impl.PsiBuilderAdapter.mark()Lorg/jetbrains/kotlin/com/intellij/lang/PsiBuilder$Marker; @ 4
Event: 7.115 Thread 0x000000001a3a9800 Uncommon trap: reason=class_check action=maybe_recompile pc=0x0000000003ea3038 method=org.jetbrains.kotlin.com.intellij.lang.impl.PsiBuilderAdapter.mark()Lorg/jetbrains/kotlin/com/intellij/lang/PsiBuilder$Marker; @ 4
Event: 7.141 Thread 0x000000001a3a9800 Uncommon trap: reason=unstable_if action=reinterpret pc=0x00000000042f3bac method=org.jetbrains.kotlin.gnu.trove.TIntObjectHashMap.insertionIndex(I)I @ 79

Classes redefined (0 events):
No events

Internal exceptions (10 events):
Event: 4.691 Thread 0x000000001a3a9800 Exception <a 'java/lang/NoSuchMethodError': java.lang.Object.lambda$static$0(I)[Lorg/jetbrains/kotlin/com/intellij/openapi/editor/event/DocumentListener;> (0x00000000e0a47f08) thrown at [D:\src\AOSP-openjdk-cygwin\jdk8u\hotspot\src\share\vm\interpreter\li
Event: 4.709 Thread 0x000000001a3a9800 Exception <a 'java/lang/NoSuchMethodError': java.lang.Object.lambda$static$0(I)[Lorg/jetbrains/kotlin/com/intellij/psi/PsiAnnotation;> (0x00000000e0c2f6d8) thrown at [D:\src\AOSP-openjdk-cygwin\jdk8u\hotspot\src\share\vm\interpreter\linkResolver.cpp, line
Event: 5.505 Thread 0x000000001a3a9800 Implicit null exception at 0x0000000003e139d0 to 0x0000000003e13a95
Event: 6.005 Thread 0x000000001a3a9800 Implicit null exception at 0x0000000003e73cd4 to 0x0000000003e73e98
Event: 6.031 Thread 0x000000001a3a9800 Exception <a 'java/lang/NoSuchMethodError': java.lang.Object.lambda$static$0(I)[Lorg/jetbrains/kotlin/psi/KtExpression;> (0x00000000e2d40ee0) thrown at [D:\src\AOSP-openjdk-cygwin\jdk8u\hotspot\src\share\vm\interpreter\linkResolver.cpp, line 584]
Event: 6.067 Thread 0x000000001a3a9800 Exception <a 'java/lang/NoSuchMethodError': java.lang.Object.lambda$static$0(I)[Lorg/jetbrains/kotlin/psi/KtDeclaration;> (0x00000000e3000518) thrown at [D:\src\AOSP-openjdk-cygwin\jdk8u\hotspot\src\share\vm\interpreter\linkResolver.cpp, line 584]
Event: 6.074 Thread 0x000000001a3a9800 Exception <a 'java/lang/NoSuchMethodError': java.lang.Object.lambda$static$0(I)[Lorg/jetbrains/kotlin/com/intellij/psi/PsiElement;> (0x00000000e3087e80) thrown at [D:\src\AOSP-openjdk-cygwin\jdk8u\hotspot\src\share\vm\interpreter\linkResolver.cpp, line 58
Event: 6.084 Thread 0x000000001a3a9800 Exception <a 'java/lang/NoSuchMethodError': java.lang.Object.lambda$static$0(I)[Lorg/jetbrains/kotlin/psi/KtTypeElement;> (0x00000000e3149b18) thrown at [D:\src\AOSP-openjdk-cygwin\jdk8u\hotspot\src\share\vm\interpreter\linkResolver.cpp, line 584]
Event: 6.356 Thread 0x000000001a3a9800 Exception <a 'java/lang/NoSuchMethodError': java.lang.Object.lambda$static$0(I)[Lorg/jetbrains/kotlin/com/intellij/psi/PsiClass;> (0x00000000e09d7680) thrown at [D:\src\AOSP-openjdk-cygwin\jdk8u\hotspot\src\share\vm\interpreter\linkResolver.cpp, line 584]
Event: 7.168 Thread 0x000000001a3a9800 Exception <a 'java/lang/NoSuchMethodError': java.lang.Object.lambda$static$0(I)[Lorg/jetbrains/kotlin/com/intellij/psi/PsiTypeElement;> (0x00000000e0451108) thrown at [D:\src\AOSP-openjdk-cygwin\jdk8u\hotspot\src\share\vm\interpreter\linkResolver.cpp, lin

Events (10 events):
Event: 7.170 loading class org/jetbrains/kotlin/com/intellij/psi/javadoc/PsiDocComment
Event: 7.170 loading class org/jetbrains/kotlin/com/intellij/psi/javadoc/PsiDocComment done
Event: 7.170 loading class org/jetbrains/kotlin/com/intellij/psi/PsiDocCommentBase
Event: 7.170 loading class org/jetbrains/kotlin/com/intellij/psi/PsiDocCommentBase done
Event: 7.172 loading class org/jetbrains/kotlin/com/intellij/psi/javadoc/PsiDocTag
Event: 7.172 loading class org/jetbrains/kotlin/com/intellij/psi/javadoc/PsiDocTag done
Event: 7.172 loading class org/jetbrains/kotlin/com/intellij/psi/javadoc/PsiDocTag
Event: 7.172 loading class org/jetbrains/kotlin/com/intellij/psi/javadoc/PsiDocTag done
Event: 7.172 loading class org/jetbrains/kotlin/com/intellij/util/ArrayFactory
Event: 7.172 loading class org/jetbrains/kotlin/com/intellij/util/ArrayFactory done


Dynamic libraries:
0x00007ff759840000 - 0x00007ff759871000 	D:\Program Files\Android\Android Studio\jre\jre\bin\java.exe
0x00007fff8b820000 - 0x00007fff8ba01000 	C:\WINDOWS\SYSTEM32\ntdll.dll
0x00007fff8ac10000 - 0x00007fff8acc2000 	C:\WINDOWS\System32\KERNEL32.DLL
0x00007fff87fe0000 - 0x00007fff88253000 	C:\WINDOWS\System32\KERNELBASE.dll
0x00007fff8b4b0000 - 0x00007fff8b551000 	C:\WINDOWS\System32\ADVAPI32.dll
0x00007fff8ae50000 - 0x00007fff8aeee000 	C:\WINDOWS\System32\msvcrt.dll
0x00007fff8af20000 - 0x00007fff8af7b000 	C:\WINDOWS\System32\sechost.dll
0x00007fff8b560000 - 0x00007fff8b684000 	C:\WINDOWS\System32\RPCRT4.dll
0x00007fff88cb0000 - 0x00007fff88e40000 	C:\WINDOWS\System32\USER32.dll
0x00007fff87f10000 - 0x00007fff87f30000 	C:\WINDOWS\System32\win32u.dll
0x00007fff8aef0000 - 0x00007fff8af18000 	C:\WINDOWS\System32\GDI32.dll
0x00007fff87c70000 - 0x00007fff87e02000 	C:\WINDOWS\System32\gdi32full.dll
0x00007fff88260000 - 0x00007fff882ff000 	C:\WINDOWS\System32\msvcp_win.dll
0x00007fff87e10000 - 0x00007fff87f0a000 	C:\WINDOWS\System32\ucrtbase.dll
0x00007fff7dd50000 - 0x00007fff7dfb9000 	C:\WINDOWS\WinSxS\amd64_microsoft.windows.common-controls_6595b64144ccf1df_6.0.17134.48_none_b4b2216a3cb4dd3e\COMCTL32.dll
0x00007fff88e40000 - 0x00007fff89163000 	C:\WINDOWS\System32\combase.dll
0x00007fff87bf0000 - 0x00007fff87c6a000 	C:\WINDOWS\System32\bcryptPrimitives.dll
0x00007fff8b480000 - 0x00007fff8b4ad000 	C:\WINDOWS\System32\IMM32.DLL
0x0000000073520000 - 0x00000000735f2000 	D:\Program Files\Android\Android Studio\jre\jre\bin\msvcr100.dll
0x00000000736e0000 - 0x0000000073f1f000 	D:\Program Files\Android\Android Studio\jre\jre\bin\server\jvm.dll
0x00007fff8acf0000 - 0x00007fff8acf8000 	C:\WINDOWS\System32\PSAPI.DLL
0x00007fff84bb0000 - 0x00007fff84bb9000 	C:\WINDOWS\SYSTEM32\WSOCK32.dll
0x00007fff85ca0000 - 0x00007fff85cc3000 	C:\WINDOWS\SYSTEM32\WINMM.dll
0x00007fff8ade0000 - 0x00007fff8ae4c000 	C:\WINDOWS\System32\WS2_32.dll
0x00007fff82ef0000 - 0x00007fff82efa000 	C:\WINDOWS\SYSTEM32\VERSION.dll
0x00007fff85c70000 - 0x00007fff85c9a000 	C:\WINDOWS\SYSTEM32\WINMMBASE.dll
0x00007fff88c00000 - 0x00007fff88c49000 	C:\WINDOWS\System32\cfgmgr32.dll
0x00007fff83960000 - 0x00007fff8396f000 	D:\Program Files\Android\Android Studio\jre\jre\bin\verify.dll
0x00007fff754b0000 - 0x00007fff754d9000 	D:\Program Files\Android\Android Studio\jre\jre\bin\java.dll
0x00007fff77b10000 - 0x00007fff77b26000 	D:\Program Files\Android\Android Studio\jre\jre\bin\zip.dll
0x00007fff89770000 - 0x00007fff8abb0000 	C:\WINDOWS\System32\SHELL32.dll
0x00007fff8b3d0000 - 0x00007fff8b479000 	C:\WINDOWS\System32\shcore.dll
0x00007fff884f0000 - 0x00007fff88bfd000 	C:\WINDOWS\System32\windows.storage.dll
0x00007fff8abb0000 - 0x00007fff8ac01000 	C:\WINDOWS\System32\shlwapi.dll
0x00007fff87bb0000 - 0x00007fff87bc1000 	C:\WINDOWS\System32\kernel.appcore.dll
0x00007fff87bd0000 - 0x00007fff87bef000 	C:\WINDOWS\System32\profapi.dll
0x00007fff87b40000 - 0x00007fff87b8c000 	C:\WINDOWS\System32\powrprof.dll
0x00007fff87b30000 - 0x00007fff87b3a000 	C:\WINDOWS\System32\FLTLIB.DLL
0x00007fff81820000 - 0x00007fff8182d000 	D:\Program Files\Android\Android Studio\jre\jre\bin\management.dll
0x00007fff752f0000 - 0x00007fff7530a000 	D:\Program Files\Android\Android Studio\jre\jre\bin\net.dll
0x00007fff873b0000 - 0x00007fff87416000 	C:\WINDOWS\system32\mswsock.dll
0x00007fff752d0000 - 0x00007fff752e1000 	D:\Program Files\Android\Android Studio\jre\jre\bin\nio.dll
0x00007fff87560000 - 0x00007fff87577000 	C:\WINDOWS\SYSTEM32\CRYPTSP.dll
0x00007fff86f90000 - 0x00007fff86fc3000 	C:\WINDOWS\system32\rsaenh.dll
0x00007fff87690000 - 0x00007fff876b5000 	C:\WINDOWS\SYSTEM32\bcrypt.dll
0x00007fff87a30000 - 0x00007fff87a58000 	C:\WINDOWS\SYSTEM32\USERENV.dll
0x00007fff87580000 - 0x00007fff8758b000 	C:\WINDOWS\SYSTEM32\CRYPTBASE.dll
0x00007fff87130000 - 0x00007fff87168000 	C:\WINDOWS\SYSTEM32\IPHLPAPI.DLL
0x00007fff8add0000 - 0x00007fff8add8000 	C:\WINDOWS\System32\NSI.dll
0x00007fff7e310000 - 0x00007fff7e326000 	C:\WINDOWS\SYSTEM32\dhcpcsvc6.DLL
0x00007fff7e2f0000 - 0x00007fff7e30a000 	C:\WINDOWS\SYSTEM32\dhcpcsvc.DLL

VM Arguments:
jvm_args: -Djava.awt.headless=true -Djava.rmi.server.hostname=localhost -Xmx1536m -Dkotlin.environment.keepalive 
java_command: org.jetbrains.kotlin.daemon.KotlinCompileDaemon --daemon-runFilesPath C:\Users\LUXIR\AppData\Local\kotlin\daemon --daemon-autoshutdownIdleSeconds=7200 --daemon-compilerClasspath C:\Users\LUXIR\.gradle\caches\modules-2\files-2.1\org.jetbrains.kotlin\kotlin-compiler-embeddable\1.2.30\9b3f10d4717b9ac238b287e9b6eb2b4eadd8e870\kotlin-compiler-embeddable-1.2.30.jar;C:\Users\LUXIR\.gradle\caches\modules-2\files-2.1\org.jetbrains.kotlin\kotlin-stdlib\1.2.30\2dfac33f8b4e92c9dd1422cd286834701a6f6d6\kotlin-stdlib-1.2.30.jar;C:\Users\LUXIR\.gradle\caches\modules-2\files-2.1\org.jetbrains.kotlin\kotlin-script-runtime\1.2.30\37ee7531a636e99b639f8b1544cdda27d0ee30b0\kotlin-script-runtime-1.2.30.jar;C:\Users\LUXIR\.gradle\caches\modules-2\files-2.1\org.jetbrains.kotlin\kotlin-reflect\1.2.30\9758025a415ee400e1f90ff222bcfec247779133\kotlin-reflect-1.2.30.jar;D:\Program Files\Android\Android Studio\jre\lib\tools.jar
java_class_path (initial): C:\Users\LUXIR\.gradle\caches\modules-2\files-2.1\org.jetbrains.kotlin\kotlin-compiler-embeddable\1.2.30\9b3f10d4717b9ac238b287e9b6eb2b4eadd8e870\kotlin-compiler-embeddable-1.2.30.jar;C:\Users\LUXIR\.gradle\caches\modules-2\files-2.1\org.jetbrains.kotlin\kotlin-stdlib\1.2.30\2dfac33f8b4e92c9dd1422cd286834701a6f6d6\kotlin-stdlib-1.2.30.jar;C:\Users\LUXIR\.gradle\caches\modules-2\files-2.1\org.jetbrains.kotlin\kotlin-script-runtime\1.2.30\37ee7531a636e99b639f8b1544cdda27d0ee30b0\kotlin-script-runtime-1.2.30.jar;C:\Users\LUXIR\.gradle\caches\modules-2\files-2.1\org.jetbrains.kotlin\kotlin-reflect\1.2.30\9758025a415ee400e1f90ff222bcfec247779133\kotlin-reflect-1.2.30.jar;D:\Program Files\Android\Android Studio\jre\lib\tools.jar
Launcher Type: SUN_STANDARD

Environment Variables:
PATH=D:\Program Files\NVIDIA GPU Computing Toolkit\CUDA\v8.0\bin;D:\Program Files\NVIDIA GPU Computing Toolkit\CUDA\v8.0\libnvvp;D:\Program Files (x86)\Python35\;D:\Program Files (x86)\Python35\Scripts;C:\Windows\system32;C:\Windows;C:\Windows\System32\Wbem;C:\Windows\System32\WindowsPowerShell\v1.0\;C:\Program Files (x86)\NVIDIA Corporation\PhysX\Common;C:\Program Files\Microsoft SQL Server\130\Tools\Binn\;D:\Program Files\PuTTY\;C:\Program Files (x86)\GtkSharp\2.12\bin;D:\Program Files (x86)\opencv\build\x64\vc14\bin\;C:\Program Files (x86)\Xoreax\IncrediBuild;C:\WINDOWS\system32;C:\WINDOWS;C:\WINDOWS\System32\Wbem;C:\WINDOWS\System32\WindowsPowerShell\v1.0\;C:\Program Files (x86)\Skype\Phone\;D:\Program Files\TortoiseSVN\bin;D:\Program Files\Java\jdk-9.0.1\bin;C:\WINDOWS\system32;C:\WINDOWS;C:\WINDOWS\System32\Wbem;C:\WINDOWS\System32\WindowsPowerShell\v1.0\;D:\Program Files\Git\cmd;C:\WINDOWS\System32\OpenSSH\;C:\Users\LUXIR\AppData\Local\Microsoft\WindowsApps;;C:\Program Files (x86)\ESTsoft\ALSee\x64
USERNAME=LUXIR
OS=Windows_NT
PROCESSOR_IDENTIFIER=AMD64 Family 23 Model 1 Stepping 1, AuthenticAMD



---------------  S Y S T E M  ---------------

OS: Windows 10.0 , 64 bit Build 17134 (10.0.17134.1)

CPU:total 8 (initial active 8) (8 cores per cpu, 1 threads per core) family 23 model 1 stepping 1, cmov, cx8, fxsr, mmx, sse, sse2, sse3, ssse3, sse4.1, sse4.2, popcnt, avx, avx2, aes, clmul, mmxext, 3dnowpref, lzcnt, sse4a, tsc, tscinvbit, tscinv, bmi1

Memory: 4k page, physical 8340564k(1009496k free), swap 8340564k(3540k free)

vm_info: OpenJDK 64-Bit Server VM (25.152-b02) for windows-amd64 JRE (1.8.0_152-release-1024-b02), built by "builder" with MS VC++ 10.0 (VS2010)

time: Mon May 28 18:06:10 2018
elapsed time: 7 seconds (0d 0h 0m 7s)

