#
# There is insufficient memory for the Java Runtime Environment to continue.
# Native memory allocation (malloc) failed to allocate 1032096 bytes for Chunk::new
# Possible reasons:
#   The system is out of physical RAM or swap space
#   In 32 bit mode, the process size limit was hit
# Possible solutions:
#   Reduce memory load on the system
#   Increase physical memory or swap space
#   Check if swap backing store is full
#   Use 64 bit Java on a 64 bit OS
#   Decrease Java heap size (-Xmx/-Xms)
#   Decrease number of Java threads
#   Decrease Java thread stack sizes (-Xss)
#   Set larger code cache with -XX:ReservedCodeCacheSize=
# This output file may be truncated or incomplete.
#
#  Out of Memory Error (allocation.cpp:390), pid=16600, tid=0x0000000000004750
#
# JRE version: OpenJDK Runtime Environment (8.0_152-b02) (build 1.8.0_152-release-1024-b02)
# Java VM: OpenJDK 64-Bit Server VM (25.152-b02 mixed mode windows-amd64 compressed oops)
# Failed to write core dump. Minidumps are not enabled by default on client versions of Windows
#

---------------  T H R E A D  ---------------

Current thread (0x0000000019454800):  JavaThread "C2 CompilerThread2" daemon [_thread_in_native, id=18256, stack(0x0000000019cc0000,0x0000000019dc0000)]

Stack: [0x0000000019cc0000,0x0000000019dc0000]
[error occurred during error reporting (printing stack bounds), id 0xc0000005]

Native frames: (J=compiled Java code, j=interpreted, Vv=VM code, C=native code)


Current CompileTask:
C2:   7118 7116       4       org.jetbrains.kotlin.load.kotlin.TypeSignatureMappingKt::mapType (746 bytes)


---------------  P R O C E S S  ---------------

Java Threads: ( => current thread )
  0x000000001a371000 JavaThread "RMI RenewClean-[localhost:63451,org.jetbrains.kotlin.daemon.common.LoopbackNetworkInterface$ClientLoopbackSocketFactory@3d958f15]" daemon [_thread_blocked, id=15548, stack(0x000000001b4c0000,0x000000001b5c0000)]
  0x000000001a36b800 JavaThread "RMI TCP Connection(2)-127.0.0.1" daemon [_thread_in_native, id=12368, stack(0x000000001b2c0000,0x000000001b3c0000)]
  0x000000001a333000 JavaThread "RMI Scheduler(0)" daemon [_thread_blocked, id=13412, stack(0x000000001b1c0000,0x000000001b2c0000)]
  0x000000001a30c800 JavaThread "RMI TCP Connection(1)-127.0.0.1" daemon [_thread_in_native, id=14004, stack(0x000000001b0c0000,0x000000001b1c0000)]
  0x0000000003643800 JavaThread "DestroyJavaVM" [_thread_blocked, id=18140, stack(0x0000000003540000,0x0000000003640000)]
  0x000000001a2c3800 JavaThread "GC Daemon" daemon [_thread_blocked, id=17260, stack(0x000000001ace0000,0x000000001ade0000)]
  0x000000001a2b5800 JavaThread "RMI Reaper" [_thread_blocked, id=16288, stack(0x000000001abe0000,0x000000001ace0000)]
  0x00000000197be000 JavaThread "Timer-0" daemon [_thread_blocked, id=724, stack(0x000000001a9e0000,0x000000001aae0000)]
  0x000000001a18e800 JavaThread "RMI TCP Accept-17241" daemon [_thread_in_native, id=9872, stack(0x000000001a8e0000,0x000000001a9e0000)]
  0x00000000194e3000 JavaThread "Service Thread" daemon [_thread_blocked, id=22932, stack(0x0000000019ec0000,0x0000000019fc0000)]
  0x000000001945a800 JavaThread "C1 CompilerThread3" daemon [_thread_blocked, id=18992, stack(0x0000000019dc0000,0x0000000019ec0000)]
=>0x0000000019454800 JavaThread "C2 CompilerThread2" daemon [_thread_in_native, id=18256, stack(0x0000000019cc0000,0x0000000019dc0000)]
  0x0000000019453800 JavaThread "C2 CompilerThread1" daemon [_thread_in_native, id=12256, stack(0x0000000019bc0000,0x0000000019cc0000)]
  0x0000000019450800 JavaThread "C2 CompilerThread0" daemon [_thread_in_native, id=14536, stack(0x0000000019ac0000,0x0000000019bc0000)]
  0x00000000193fa800 JavaThread "Attach Listener" daemon [_thread_blocked, id=20860, stack(0x00000000199c0000,0x0000000019ac0000)]
  0x00000000193f9800 JavaThread "Signal Dispatcher" daemon [_thread_blocked, id=11484, stack(0x00000000198c0000,0x00000000199c0000)]
  0x0000000017501800 JavaThread "Finalizer" daemon [_thread_blocked, id=5904, stack(0x00000000197c0000,0x00000000198c0000)]
  0x00000000174fa800 JavaThread "Reference Handler" daemon [_thread_blocked, id=12464, stack(0x00000000192c0000,0x00000000193c0000)]

Other Threads:
  0x00000000174f6000 VMThread [stack: 0x00000000191c0000,0x00000000192c0000] [id=18632]
  0x00000000194e6000 WatcherThread [stack: 0x0000000019fc0000,0x000000001a0c0000] [id=22080]

VM state:not at safepoint (normal execution)

VM Mutex/Monitor currently owned by a thread: None

Heap:
 PSYoungGen      total 110592K, used 92920K [0x00000000e0000000, 0x00000000eb580000, 0x0000000100000000)
  eden space 84480K, 79% used [0x00000000e0000000,0x00000000e4140220,0x00000000e5280000)
  from space 26112K, 99% used [0x00000000e5280000,0x00000000e6bfdf80,0x00000000e6c00000)
  to   space 33792K, 0% used [0x00000000e9480000,0x00000000e9480000,0x00000000eb580000)
 ParOldGen       total 106496K, used 30391K [0x00000000a0000000, 0x00000000a6800000, 0x00000000e0000000)
  object space 106496K, 28% used [0x00000000a0000000,0x00000000a1dadea8,0x00000000a6800000)
 Metaspace       used 54433K, capacity 55495K, committed 55592K, reserved 1097728K
  class space    used 6649K, capacity 6891K, committed 6952K, reserved 1048576K

Card table byte_map: [0x0000000012b00000,0x0000000012e10000] byte_map_base: 0x0000000012600000

Marking Bits: (ParMarkBitMap*) 0x0000000073ea4970
 Begin Bits: [0x0000000013810000, 0x0000000015010000)
 End Bits:   [0x0000000015010000, 0x0000000016810000)

Polling page: 0x00000000018f0000

CodeCache: size=245760Kb used=20359Kb max_used=20366Kb free=225401Kb
 bounds [0x0000000003740000, 0x0000000004b40000, 0x0000000012740000]
 total_blobs=6978 nmethods=6452 adapters=439
 compilation: enabled

Compilation events (10 events):
Event: 7.063 Thread 0x000000001945a800 7174       3       java.lang.Class::forName (15 bytes)
Event: 7.064 Thread 0x000000001945a800 nmethod 7174 0x0000000004b26dd0 code [0x0000000004b26f60, 0x0000000004b27238]
Event: 7.065 Thread 0x0000000019450800 nmethod 7105 0x0000000004b37190 code [0x0000000004b37340, 0x0000000004b37910]
Event: 7.065 Thread 0x0000000019450800 7047       4       kotlin.sequences.FlatteningSequence::iterator (12 bytes)
Event: 7.067 Thread 0x0000000019450800 nmethod 7047 0x0000000004b25250 code [0x0000000004b253c0, 0x0000000004b255b8]
Event: 7.067 Thread 0x0000000019450800 7049       4       org.jetbrains.kotlin.codegen.signature.AsmTypeFactory::toString (9 bytes)
Event: 7.067 Thread 0x000000001945a800 7175       3       java.io.File::exists (43 bytes)
Event: 7.067 Thread 0x000000001945a800 nmethod 7175 0x0000000004b26690 code [0x0000000004b26820, 0x0000000004b26ca8]
Event: 7.071 Thread 0x0000000019450800 nmethod 7049 0x0000000004b25ad0 code [0x0000000004b25c60, 0x0000000004b26108]
Event: 7.071 Thread 0x0000000019450800 7106       4       org.jetbrains.kotlin.codegen.signature.JvmSignatureWriter::writeAsmType (65 bytes)

GC Heap History (10 events):
Event: 3.292 GC heap before
{Heap before GC invocations=8 (full 2):
 PSYoungGen      total 71680K, used 15790K [0x00000000e0000000, 0x00000000e5380000, 0x0000000100000000)
  eden space 66560K, 16% used [0x00000000e0000000,0x00000000e0a70858,0x00000000e4100000)
  from space 5120K, 99% used [0x00000000e4100000,0x00000000e45fb178,0x00000000e4600000)
  to   space 5120K, 0% used [0x00000000e4e80000,0x00000000e4e80000,0x00000000e5380000)
 ParOldGen       total 67072K, used 24813K [0x00000000a0000000, 0x00000000a4180000, 0x00000000e0000000)
  object space 67072K, 36% used [0x00000000a0000000,0x00000000a183b6b0,0x00000000a4180000)
 Metaspace       used 34732K, capacity 35272K, committed 35496K, reserved 1081344K
  class space    used 4380K, capacity 4498K, committed 4520K, reserved 1048576K
Event: 3.298 GC heap after
Heap after GC invocations=8 (full 2):
 PSYoungGen      total 69120K, used 5112K [0x00000000e0000000, 0x00000000e8900000, 0x0000000100000000)
  eden space 64000K, 0% used [0x00000000e0000000,0x00000000e0000000,0x00000000e3e80000)
  from space 5120K, 99% used [0x00000000e4e80000,0x00000000e537e168,0x00000000e5380000)
  to   space 16384K, 0% used [0x00000000e3e80000,0x00000000e3e80000,0x00000000e4e80000)
 ParOldGen       total 67072K, used 26400K [0x00000000a0000000, 0x00000000a4180000, 0x00000000e0000000)
  object space 67072K, 39% used [0x00000000a0000000,0x00000000a19c8028,0x00000000a4180000)
 Metaspace       used 34732K, capacity 35272K, committed 35496K, reserved 1081344K
  class space    used 4380K, capacity 4498K, committed 4520K, reserved 1048576K
}
Event: 3.298 GC heap before
{Heap before GC invocations=9 (full 3):
 PSYoungGen      total 69120K, used 5112K [0x00000000e0000000, 0x00000000e8900000, 0x0000000100000000)
  eden space 64000K, 0% used [0x00000000e0000000,0x00000000e0000000,0x00000000e3e80000)
  from space 5120K, 99% used [0x00000000e4e80000,0x00000000e537e168,0x00000000e5380000)
  to   space 16384K, 0% used [0x00000000e3e80000,0x00000000e3e80000,0x00000000e4e80000)
 ParOldGen       total 67072K, used 26400K [0x00000000a0000000, 0x00000000a4180000, 0x00000000e0000000)
  object space 67072K, 39% used [0x00000000a0000000,0x00000000a19c8028,0x00000000a4180000)
 Metaspace       used 34732K, capacity 35272K, committed 35496K, reserved 1081344K
  class space    used 4380K, capacity 4498K, committed 4520K, reserved 1048576K
Event: 3.358 GC heap after
Heap after GC invocations=9 (full 3):
 PSYoungGen      total 69120K, used 0K [0x00000000e0000000, 0x00000000e8900000, 0x0000000100000000)
  eden space 64000K, 0% used [0x00000000e0000000,0x00000000e0000000,0x00000000e3e80000)
  from space 5120K, 0% used [0x00000000e4e80000,0x00000000e4e80000,0x00000000e5380000)
  to   space 16384K, 0% used [0x00000000e3e80000,0x00000000e3e80000,0x00000000e4e80000)
 ParOldGen       total 106496K, used 14503K [0x00000000a0000000, 0x00000000a6800000, 0x00000000e0000000)
  object space 106496K, 13% used [0x00000000a0000000,0x00000000a0e29e68,0x00000000a6800000)
 Metaspace       used 34732K, capacity 35272K, committed 35496K, reserved 1081344K
  class space    used 4380K, capacity 4498K, committed 4520K, reserved 1048576K
}
Event: 4.025 GC heap before
{Heap before GC invocations=10 (full 3):
 PSYoungGen      total 69120K, used 63746K [0x00000000e0000000, 0x00000000e8900000, 0x0000000100000000)
  eden space 64000K, 99% used [0x00000000e0000000,0x00000000e3e40a58,0x00000000e3e80000)
  from space 5120K, 0% used [0x00000000e4e80000,0x00000000e4e80000,0x00000000e5380000)
  to   space 16384K, 0% used [0x00000000e3e80000,0x00000000e3e80000,0x00000000e4e80000)
 ParOldGen       total 106496K, used 14503K [0x00000000a0000000, 0x00000000a6800000, 0x00000000e0000000)
  object space 106496K, 13% used [0x00000000a0000000,0x00000000a0e29e68,0x00000000a6800000)
 Metaspace       used 38946K, capacity 39580K, committed 39976K, reserved 1083392K
  class space    used 4890K, capacity 5068K, committed 5160K, reserved 1048576K
Event: 4.038 GC heap after
Heap after GC invocations=10 (full 3):
 PSYoungGen      total 80384K, used 16365K [0x00000000e0000000, 0x00000000e8000000, 0x0000000100000000)
  eden space 64000K, 0% used [0x00000000e0000000,0x00000000e0000000,0x00000000e3e80000)
  from space 16384K, 99% used [0x00000000e3e80000,0x00000000e4e7b790,0x00000000e4e80000)
  to   space 20480K, 0% used [0x00000000e6c00000,0x00000000e6c00000,0x00000000e8000000)
 ParOldGen       total 106496K, used 16184K [0x00000000a0000000, 0x00000000a6800000, 0x00000000e0000000)
  object space 106496K, 15% used [0x00000000a0000000,0x00000000a0fce1d8,0x00000000a6800000)
 Metaspace       used 38946K, capacity 39580K, committed 39976K, reserved 1083392K
  class space    used 4890K, capacity 5068K, committed 5160K, reserved 1048576K
}
Event: 4.793 GC heap before
{Heap before GC invocations=11 (full 3):
 PSYoungGen      total 80384K, used 80365K [0x00000000e0000000, 0x00000000e8000000, 0x0000000100000000)
  eden space 64000K, 100% used [0x00000000e0000000,0x00000000e3e80000,0x00000000e3e80000)
  from space 16384K, 99% used [0x00000000e3e80000,0x00000000e4e7b790,0x00000000e4e80000)
  to   space 20480K, 0% used [0x00000000e6c00000,0x00000000e6c00000,0x00000000e8000000)
 ParOldGen       total 106496K, used 16184K [0x00000000a0000000, 0x00000000a6800000, 0x00000000e0000000)
  object space 106496K, 15% used [0x00000000a0000000,0x00000000a0fce1d8,0x00000000a6800000)
 Metaspace       used 43759K, capacity 44493K, committed 44968K, reserved 1089536K
  class space    used 5475K, capacity 5694K, committed 5800K, reserved 1048576K
Event: 4.811 GC heap after
Heap after GC invocations=11 (full 3):
 PSYoungGen      total 104960K, used 20455K [0x00000000e0000000, 0x00000000e8b80000, 0x0000000100000000)
  eden space 84480K, 0% used [0x00000000e0000000,0x00000000e0000000,0x00000000e5280000)
  from space 20480K, 99% used [0x00000000e6c00000,0x00000000e7ff9f80,0x00000000e8000000)
  to   space 26112K, 0% used [0x00000000e5280000,0x00000000e5280000,0x00000000e6c00000)
 ParOldGen       total 106496K, used 21351K [0x00000000a0000000, 0x00000000a6800000, 0x00000000e0000000)
  object space 106496K, 20% used [0x00000000a0000000,0x00000000a14d9c60,0x00000000a6800000)
 Metaspace       used 43759K, capacity 44493K, committed 44968K, reserved 1089536K
  class space    used 5475K, capacity 5694K, committed 5800K, reserved 1048576K
}
Event: 6.245 GC heap before
{Heap before GC invocations=12 (full 3):
 PSYoungGen      total 104960K, used 104935K [0x00000000e0000000, 0x00000000e8b80000, 0x0000000100000000)
  eden space 84480K, 100% used [0x00000000e0000000,0x00000000e5280000,0x00000000e5280000)
  from space 20480K, 99% used [0x00000000e6c00000,0x00000000e7ff9f80,0x00000000e8000000)
  to   space 26112K, 0% used [0x00000000e5280000,0x00000000e5280000,0x00000000e6c00000)
 ParOldGen       total 106496K, used 21351K [0x00000000a0000000, 0x00000000a6800000, 0x00000000e0000000)
  object space 106496K, 20% used [0x00000000a0000000,0x00000000a14d9c60,0x00000000a6800000)
 Metaspace       used 51536K, capacity 52573K, committed 52776K, reserved 1095680K
  class space    used 6360K, capacity 6594K, committed 6696K, reserved 1048576K
Event: 6.269 GC heap after
Heap after GC invocations=12 (full 3):
 PSYoungGen      total 110592K, used 26103K [0x00000000e0000000, 0x00000000eb580000, 0x0000000100000000)
  eden space 84480K, 0% used [0x00000000e0000000,0x00000000e0000000,0x00000000e5280000)
  from space 26112K, 99% used [0x00000000e5280000,0x00000000e6bfdf80,0x00000000e6c00000)
  to   space 33792K, 0% used [0x00000000e9480000,0x00000000e9480000,0x00000000eb580000)
 ParOldGen       total 106496K, used 30391K [0x00000000a0000000, 0x00000000a6800000, 0x00000000e0000000)
  object space 106496K, 28% used [0x00000000a0000000,0x00000000a1dadea8,0x00000000a6800000)
 Metaspace       used 51536K, capacity 52573K, committed 52776K, reserved 1095680K
  class space    used 6360K, capacity 6594K, committed 6696K, reserved 1048576K
}

Deoptimization events (10 events):
Event: 6.872 Thread 0x000000001a36b800 Uncommon trap: reason=class_check action=maybe_recompile pc=0x00000000044f462c method=kotlin.collections.CollectionsKt___CollectionsKt.toSet(Ljava/lang/Iterable;)Ljava/util/Set; @ 62
Event: 6.921 Thread 0x000000001a36b800 Uncommon trap: reason=bimorphic action=maybe_recompile pc=0x0000000004af0f94 method=org.jetbrains.kotlin.load.kotlin.TypeSignatureMappingKt.mapType(Lorg/jetbrains/kotlin/types/KotlinType;Lorg/jetbrains/kotlin/load/kotlin/JvmTypeFactory;Lorg/jetbrains/kotl
Event: 6.921 Thread 0x000000001a36b800 Uncommon trap: reason=bimorphic action=maybe_recompile pc=0x0000000004af0f94 method=org.jetbrains.kotlin.load.kotlin.TypeSignatureMappingKt.mapType(Lorg/jetbrains/kotlin/types/KotlinType;Lorg/jetbrains/kotlin/load/kotlin/JvmTypeFactory;Lorg/jetbrains/kotl
Event: 6.921 Thread 0x000000001a36b800 Uncommon trap: reason=bimorphic action=maybe_recompile pc=0x0000000004af0f94 method=org.jetbrains.kotlin.load.kotlin.TypeSignatureMappingKt.mapType(Lorg/jetbrains/kotlin/types/KotlinType;Lorg/jetbrains/kotlin/load/kotlin/JvmTypeFactory;Lorg/jetbrains/kotl
Event: 6.921 Thread 0x000000001a36b800 Uncommon trap: reason=bimorphic action=maybe_recompile pc=0x0000000004af0f94 method=org.jetbrains.kotlin.load.kotlin.TypeSignatureMappingKt.mapType(Lorg/jetbrains/kotlin/types/KotlinType;Lorg/jetbrains/kotlin/load/kotlin/JvmTypeFactory;Lorg/jetbrains/kotl
Event: 6.959 Thread 0x000000001a36b800 Uncommon trap: reason=bimorphic action=maybe_recompile pc=0x0000000003d0a06c method=org.jetbrains.kotlin.com.intellij.reference.SoftReference.dereference(Ljava/lang/ref/Reference;)Ljava/lang/Object; @ 9
Event: 6.959 Thread 0x000000001a36b800 Uncommon trap: reason=bimorphic action=maybe_recompile pc=0x0000000003d0a06c method=org.jetbrains.kotlin.com.intellij.reference.SoftReference.dereference(Ljava/lang/ref/Reference;)Ljava/lang/Object; @ 9
Event: 6.959 Thread 0x000000001a36b800 Uncommon trap: reason=bimorphic action=maybe_recompile pc=0x0000000003d0a06c method=org.jetbrains.kotlin.com.intellij.reference.SoftReference.dereference(Ljava/lang/ref/Reference;)Ljava/lang/Object; @ 9
Event: 6.960 Thread 0x000000001a36b800 Uncommon trap: reason=unstable_if action=reinterpret pc=0x0000000003bad608 method=org.jetbrains.kotlin.gnu.trove.TObjectHash.index(Ljava/lang/Object;)I @ 54
Event: 7.044 Thread 0x000000001a36b800 Uncommon trap: reason=unstable_if action=reinterpret pc=0x00000000047a39c8 method=org.jetbrains.kotlin.com.intellij.util.containers.ConcurrentIntObjectHashMap.get(I)Ljava/lang/Object; @ 12

Classes redefined (0 events):
No events

Internal exceptions (10 events):
Event: 5.715 Thread 0x000000001a36b800 Exception <a 'java/lang/NoSuchMethodError': java.lang.Object.lambda$static$0(I)[Lorg/jetbrains/kotlin/com/intellij/psi/PsiImportStatementBase;> (0x00000000e331d680) thrown at [D:\src\AOSP-openjdk-cygwin\jdk8u\hotspot\src\share\vm\interpreter\linkResolver.
Event: 5.834 Thread 0x000000001a36b800 Implicit null exception at 0x0000000003944dd5 to 0x0000000003944fa5
Event: 5.851 Thread 0x000000001a36b800 Implicit null exception at 0x0000000003ba034c to 0x0000000003ba03b6
Event: 6.158 Thread 0x000000001a36b800 Exception <a 'java/lang/NoSuchMethodError': java.lang.Object.lambda$static$0(Ljava/lang/Throwable;Ljava/lang/String;)V> (0x00000000e4c1ec28) thrown at [D:\src\AOSP-openjdk-cygwin\jdk8u\hotspot\src\share\vm\interpreter\linkResolver.cpp, line 584]
Event: 6.312 Thread 0x000000001a36b800 Exception <a 'java/lang/NoSuchMethodError': java.lang.Object.lambda$static$0(Lorg/jetbrains/kotlin/descriptors/ValueParameterDescriptor;Lorg/jetbrains/kotlin/codegen/ExpressionCodegen;)Lorg/jetbrains/kotlin/codegen/StackValue;> (0x00000000e02c6440) thrown
Event: 6.504 Thread 0x000000001a36b800 Exception <a 'java/lang/NoSuchMethodError': java.lang.Object.lambda$static$0(Ljava/lang/String;)Z> (0x00000000e0c60158) thrown at [D:\src\AOSP-openjdk-cygwin\jdk8u\hotspot\src\share\vm\interpreter\linkResolver.cpp, line 584]
Event: 6.504 Thread 0x000000001a36b800 Exception <a 'java/lang/NoSuchMethodError': java.lang.Object.lambda$static$1(Ljava/lang/String;)Z> (0x00000000e0c62b90) thrown at [D:\src\AOSP-openjdk-cygwin\jdk8u\hotspot\src\share\vm\interpreter\linkResolver.cpp, line 584]
Event: 7.044 Thread 0x000000001a36b800 Implicit null exception at 0x00000000047a3921 to 0x00000000047a39b1
Event: 7.058 Thread 0x000000001a36b800 Exception <a 'sun/nio/fs/WindowsException'> (0x00000000e3f080f0) thrown at [D:\src\AOSP-openjdk-cygwin\jdk8u\hotspot\src\share\vm\prims\jni.cpp, line 709]
Event: 7.058 Thread 0x000000001a36b800 Exception <a 'java/lang/reflect/InvocationTargetException'> (0x00000000e3f08c90) thrown at [D:\src\AOSP-openjdk-cygwin\jdk8u\hotspot\src\share\vm\runtime\reflection.cpp, line 1092]

Events (10 events):
Event: 7.067 loading class org/jetbrains/kotlin/com/intellij/util/io/AppendableStorageBackedByResizableMappedFile$3 done
Event: 7.067 loading class org/jetbrains/kotlin/com/intellij/util/io/AppendableStorageBackedByResizableMappedFile$4
Event: 7.067 loading class org/jetbrains/kotlin/com/intellij/util/io/AppendableStorageBackedByResizableMappedFile$4 done
Event: 7.073 loading class org/jetbrains/kotlin/com/intellij/util/io/AppendableStorageBackedByResizableMappedFile$MyDataIS
Event: 7.073 loading class org/jetbrains/kotlin/com/intellij/util/io/AppendableStorageBackedByResizableMappedFile$MyDataIS done
Event: 7.073 loading class org/jetbrains/kotlin/com/intellij/util/io/MappedFileInputStream
Event: 7.073 loading class org/jetbrains/kotlin/com/intellij/util/io/MappedFileInputStream done
Event: 7.073 loading class org/jetbrains/kotlin/com/intellij/util/io/AppendableStorageBackedByResizableMappedFile$MyBufferedIS
Event: 7.073 loading class org/jetbrains/kotlin/com/intellij/util/io/AppendableStorageBackedByResizableMappedFile$MyBufferedIS done
Event: 7.073 Executing VM operation: Deoptimize


Dynamic libraries:
0x00007ff759840000 - 0x00007ff759871000 	D:\Program Files\Android\Android Studio\jre\jre\bin\java.exe
0x00007fff8b820000 - 0x00007fff8ba01000 	C:\WINDOWS\SYSTEM32\ntdll.dll
0x00007fff8ac10000 - 0x00007fff8acc2000 	C:\WINDOWS\System32\KERNEL32.DLL
0x00007fff87fe0000 - 0x00007fff88253000 	C:\WINDOWS\System32\KERNELBASE.dll
0x00007fff8b4b0000 - 0x00007fff8b551000 	C:\WINDOWS\System32\ADVAPI32.dll
0x00007fff8ae50000 - 0x00007fff8aeee000 	C:\WINDOWS\System32\msvcrt.dll
0x00007fff8af20000 - 0x00007fff8af7b000 	C:\WINDOWS\System32\sechost.dll
0x00007fff8b560000 - 0x00007fff8b684000 	C:\WINDOWS\System32\RPCRT4.dll
0x00007fff88cb0000 - 0x00007fff88e40000 	C:\WINDOWS\System32\USER32.dll
0x00007fff87f10000 - 0x00007fff87f30000 	C:\WINDOWS\System32\win32u.dll
0x00007fff8aef0000 - 0x00007fff8af18000 	C:\WINDOWS\System32\GDI32.dll
0x00007fff87c70000 - 0x00007fff87e02000 	C:\WINDOWS\System32\gdi32full.dll
0x00007fff88260000 - 0x00007fff882ff000 	C:\WINDOWS\System32\msvcp_win.dll
0x00007fff87e10000 - 0x00007fff87f0a000 	C:\WINDOWS\System32\ucrtbase.dll
0x00007fff7dd50000 - 0x00007fff7dfb9000 	C:\WINDOWS\WinSxS\amd64_microsoft.windows.common-controls_6595b64144ccf1df_6.0.17134.48_none_b4b2216a3cb4dd3e\COMCTL32.dll
0x00007fff88e40000 - 0x00007fff89163000 	C:\WINDOWS\System32\combase.dll
0x00007fff87bf0000 - 0x00007fff87c6a000 	C:\WINDOWS\System32\bcryptPrimitives.dll
0x00007fff8b480000 - 0x00007fff8b4ad000 	C:\WINDOWS\System32\IMM32.DLL
0x0000000073520000 - 0x00000000735f2000 	D:\Program Files\Android\Android Studio\jre\jre\bin\msvcr100.dll
0x00000000736e0000 - 0x0000000073f1f000 	D:\Program Files\Android\Android Studio\jre\jre\bin\server\jvm.dll
0x00007fff8acf0000 - 0x00007fff8acf8000 	C:\WINDOWS\System32\PSAPI.DLL
0x00007fff82ef0000 - 0x00007fff82efa000 	C:\WINDOWS\SYSTEM32\VERSION.dll
0x00007fff84bb0000 - 0x00007fff84bb9000 	C:\WINDOWS\SYSTEM32\WSOCK32.dll
0x00007fff85ca0000 - 0x00007fff85cc3000 	C:\WINDOWS\SYSTEM32\WINMM.dll
0x00007fff8ade0000 - 0x00007fff8ae4c000 	C:\WINDOWS\System32\WS2_32.dll
0x00007fff85c70000 - 0x00007fff85c9a000 	C:\WINDOWS\SYSTEM32\WINMMBASE.dll
0x00007fff88c00000 - 0x00007fff88c49000 	C:\WINDOWS\System32\cfgmgr32.dll
0x00007fff83960000 - 0x00007fff8396f000 	D:\Program Files\Android\Android Studio\jre\jre\bin\verify.dll
0x00007fff754b0000 - 0x00007fff754d9000 	D:\Program Files\Android\Android Studio\jre\jre\bin\java.dll
0x00007fff77b10000 - 0x00007fff77b26000 	D:\Program Files\Android\Android Studio\jre\jre\bin\zip.dll
0x00007fff89770000 - 0x00007fff8abb0000 	C:\WINDOWS\System32\SHELL32.dll
0x00007fff8b3d0000 - 0x00007fff8b479000 	C:\WINDOWS\System32\shcore.dll
0x00007fff884f0000 - 0x00007fff88bfd000 	C:\WINDOWS\System32\windows.storage.dll
0x00007fff8abb0000 - 0x00007fff8ac01000 	C:\WINDOWS\System32\shlwapi.dll
0x00007fff87bb0000 - 0x00007fff87bc1000 	C:\WINDOWS\System32\kernel.appcore.dll
0x00007fff87bd0000 - 0x00007fff87bef000 	C:\WINDOWS\System32\profapi.dll
0x00007fff87b40000 - 0x00007fff87b8c000 	C:\WINDOWS\System32\powrprof.dll
0x00007fff87b30000 - 0x00007fff87b3a000 	C:\WINDOWS\System32\FLTLIB.DLL
0x00007fff81820000 - 0x00007fff8182d000 	D:\Program Files\Android\Android Studio\jre\jre\bin\management.dll
0x00007fff752f0000 - 0x00007fff7530a000 	D:\Program Files\Android\Android Studio\jre\jre\bin\net.dll
0x00007fff873b0000 - 0x00007fff87416000 	C:\WINDOWS\system32\mswsock.dll
0x00007fff752d0000 - 0x00007fff752e1000 	D:\Program Files\Android\Android Studio\jre\jre\bin\nio.dll
0x00007fff87560000 - 0x00007fff87577000 	C:\WINDOWS\SYSTEM32\CRYPTSP.dll
0x00007fff86f90000 - 0x00007fff86fc3000 	C:\WINDOWS\system32\rsaenh.dll
0x00007fff87690000 - 0x00007fff876b5000 	C:\WINDOWS\SYSTEM32\bcrypt.dll
0x00007fff87a30000 - 0x00007fff87a58000 	C:\WINDOWS\SYSTEM32\USERENV.dll
0x00007fff87580000 - 0x00007fff8758b000 	C:\WINDOWS\SYSTEM32\CRYPTBASE.dll
0x00007fff87130000 - 0x00007fff87168000 	C:\WINDOWS\SYSTEM32\IPHLPAPI.DLL
0x00007fff8add0000 - 0x00007fff8add8000 	C:\WINDOWS\System32\NSI.dll
0x00007fff7e310000 - 0x00007fff7e326000 	C:\WINDOWS\SYSTEM32\dhcpcsvc6.DLL
0x00007fff7e2f0000 - 0x00007fff7e30a000 	C:\WINDOWS\SYSTEM32\dhcpcsvc.DLL

VM Arguments:
jvm_args: -Djava.awt.headless=true -Djava.rmi.server.hostname=localhost -Xmx1536m -Dkotlin.environment.keepalive 
java_command: org.jetbrains.kotlin.daemon.KotlinCompileDaemon --daemon-runFilesPath C:\Users\LUXIR\AppData\Local\kotlin\daemon --daemon-autoshutdownIdleSeconds=7200 --daemon-compilerClasspath C:\Users\LUXIR\.gradle\caches\modules-2\files-2.1\org.jetbrains.kotlin\kotlin-compiler-embeddable\1.2.30\9b3f10d4717b9ac238b287e9b6eb2b4eadd8e870\kotlin-compiler-embeddable-1.2.30.jar;C:\Users\LUXIR\.gradle\caches\modules-2\files-2.1\org.jetbrains.kotlin\kotlin-stdlib\1.2.30\2dfac33f8b4e92c9dd1422cd286834701a6f6d6\kotlin-stdlib-1.2.30.jar;C:\Users\LUXIR\.gradle\caches\modules-2\files-2.1\org.jetbrains.kotlin\kotlin-script-runtime\1.2.30\37ee7531a636e99b639f8b1544cdda27d0ee30b0\kotlin-script-runtime-1.2.30.jar;C:\Users\LUXIR\.gradle\caches\modules-2\files-2.1\org.jetbrains.kotlin\kotlin-reflect\1.2.30\9758025a415ee400e1f90ff222bcfec247779133\kotlin-reflect-1.2.30.jar;D:\Program Files\Android\Android Studio\jre\lib\tools.jar
java_class_path (initial): C:\Users\LUXIR\.gradle\caches\modules-2\files-2.1\org.jetbrains.kotlin\kotlin-compiler-embeddable\1.2.30\9b3f10d4717b9ac238b287e9b6eb2b4eadd8e870\kotlin-compiler-embeddable-1.2.30.jar;C:\Users\LUXIR\.gradle\caches\modules-2\files-2.1\org.jetbrains.kotlin\kotlin-stdlib\1.2.30\2dfac33f8b4e92c9dd1422cd286834701a6f6d6\kotlin-stdlib-1.2.30.jar;C:\Users\LUXIR\.gradle\caches\modules-2\files-2.1\org.jetbrains.kotlin\kotlin-script-runtime\1.2.30\37ee7531a636e99b639f8b1544cdda27d0ee30b0\kotlin-script-runtime-1.2.30.jar;C:\Users\LUXIR\.gradle\caches\modules-2\files-2.1\org.jetbrains.kotlin\kotlin-reflect\1.2.30\9758025a415ee400e1f90ff222bcfec247779133\kotlin-reflect-1.2.30.jar;D:\Program Files\Android\Android Studio\jre\lib\tools.jar
Launcher Type: SUN_STANDARD

Environment Variables:
PATH=D:\Program Files\NVIDIA GPU Computing Toolkit\CUDA\v8.0\bin;D:\Program Files\NVIDIA GPU Computing Toolkit\CUDA\v8.0\libnvvp;D:\Program Files (x86)\Python35\;D:\Program Files (x86)\Python35\Scripts;C:\Windows\system32;C:\Windows;C:\Windows\System32\Wbem;C:\Windows\System32\WindowsPowerShell\v1.0\;C:\Program Files (x86)\NVIDIA Corporation\PhysX\Common;C:\Program Files\Microsoft SQL Server\130\Tools\Binn\;D:\Program Files\PuTTY\;C:\Program Files (x86)\GtkSharp\2.12\bin;D:\Program Files (x86)\opencv\build\x64\vc14\bin\;C:\Program Files (x86)\Xoreax\IncrediBuild;C:\WINDOWS\system32;C:\WINDOWS;C:\WINDOWS\System32\Wbem;C:\WINDOWS\System32\WindowsPowerShell\v1.0\;C:\Program Files (x86)\Skype\Phone\;D:\Program Files\TortoiseSVN\bin;D:\Program Files\Java\jdk-9.0.1\bin;C:\WINDOWS\system32;C:\WINDOWS;C:\WINDOWS\System32\Wbem;C:\WINDOWS\System32\WindowsPowerShell\v1.0\;D:\Program Files\Git\cmd;C:\WINDOWS\System32\OpenSSH\;C:\Users\LUXIR\AppData\Local\Microsoft\WindowsApps;;C:\Program Files (x86)\ESTsoft\ALSee\x64
USERNAME=LUXIR
OS=Windows_NT
PROCESSOR_IDENTIFIER=AMD64 Family 23 Model 1 Stepping 1, AuthenticAMD



---------------  S Y S T E M  ---------------

OS: Windows 10.0 , 64 bit Build 17134 (10.0.17134.1)

CPU:total 8 (initial active 8) (8 cores per cpu, 1 threads per core) family 23 model 1 stepping 1, cmov, cx8, fxsr, mmx, sse, sse2, sse3, ssse3, sse4.1, sse4.2, popcnt, avx, avx2, aes, clmul, mmxext, 3dnowpref, lzcnt, sse4a, tsc, tscinvbit, tscinv, bmi1

Memory: 4k page, physical 8340564k(1184368k free), swap 8340564k(19720k free)

vm_info: OpenJDK 64-Bit Server VM (25.152-b02) for windows-amd64 JRE (1.8.0_152-release-1024-b02), built by "builder" with MS VC++ 10.0 (VS2010)

time: Mon May 28 18:04:54 2018
elapsed time: 7 seconds (0d 0h 0m 7s)

